Added Component: Designator=C1(J8-C1T)
Add component. Clean all parameters for all variants
Add component (AddParameter): Name = "ComponentLink1 Description"; Value = "Manufacturer"; VariantName = "[No Variations]"
Add component (AddParameter): Name = "ComponentLink1URL"; Value = "http://www.we-online.com"; VariantName = "[No Variations]"
Add component (AddParameter): Name = "ComponentLink2 Description"; Value = "Datasheet"; VariantName = "[No Variations]"
Add component (AddParameter): Name = "ComponentLink2URL"; Value = "http://katalog.we-online.de/em/datasheet/6200xx11821.pdf"; VariantName = "[No Variations]"
Add component (AddParameter): Name = "Created by"; Value = "Karrer Zheng"; VariantName = "[No Variations]"
Add component (AddParameter): Name = "Created Date"; Value = "2 April 2013"; VariantName = "[No Variations]"
Add component (AddParameter): Name = "Manufacturer"; Value = "W¨¹rth Elektronik eiSos GmbH"; VariantName = "[No Variations]"
Add component (AddParameter): Name = "NoPins"; Value = "08"; VariantName = "[No Variations]"
Add component (AddParameter): Name = "partNo"; Value = "62000811821"; VariantName = "[No Variations]"
Added Component: Designator=C2(C0805)
Add component. Clean all parameters for all variants
Add component (AddParameter): Name = "LatestRevisionDate"; Value = "17-Jul-2002"; VariantName = "[No Variations]"
Add component (AddParameter): Name = "LatestRevisionNote"; Value = "Re-released for DXP Platform."; VariantName = "[No Variations]"
Add component (AddParameter): Name = "PackageReference"; Value = "RAD-0.3"; VariantName = "[No Variations]"
Add component (AddParameter): Name = "Published"; Value = "8-Jun-2000"; VariantName = "[No Variations]"
Add component (AddParameter): Name = "Publisher"; Value = "Altium Limited"; VariantName = "[No Variations]"
Add component (AddParameter): Name = "Value"; Value = "33p"; VariantName = "[No Variations]"
Added Component: Designator=C3(C0805)
Add component. Clean all parameters for all variants
Add component (AddParameter): Name = "LatestRevisionDate"; Value = "17-Jul-2002"; VariantName = "[No Variations]"
Add component (AddParameter): Name = "LatestRevisionNote"; Value = "Re-released for DXP Platform."; VariantName = "[No Variations]"
Add component (AddParameter): Name = "PackageReference"; Value = "RAD-0.3"; VariantName = "[No Variations]"
Add component (AddParameter): Name = "Published"; Value = "8-Jun-2000"; VariantName = "[No Variations]"
Add component (AddParameter): Name = "Publisher"; Value = "Altium Limited"; VariantName = "[No Variations]"
Add component (AddParameter): Name = "Value"; Value = "33p"; VariantName = "[No Variations]"
Added Component: Designator=P1(HDR1X4)
Add component. Clean all parameters for all variants
Add component (AddParameter): Name = "LatestRevisionDate"; Value = "17-Jul-2002"; VariantName = "[No Variations]"
Add component (AddParameter): Name = "LatestRevisionNote"; Value = "Re-released for DXP Platform."; VariantName = "[No Variations]"
Add component (AddParameter): Name = "Publisher"; Value = "Altium Limited"; VariantName = "[No Variations]"
Added Component: Designator=P2(HDR1X4)
Add component. Clean all parameters for all variants
Add component (AddParameter): Name = "LatestRevisionDate"; Value = "17-Jul-2002"; VariantName = "[No Variations]"
Add component (AddParameter): Name = "LatestRevisionNote"; Value = "Re-released for DXP Platform."; VariantName = "[No Variations]"
Add component (AddParameter): Name = "Publisher"; Value = "Altium Limited"; VariantName = "[No Variations]"
Added Component: Designator=R1(DIEN TRO 0805)
Add component. Clean all parameters for all variants
Add component (AddParameter): Name = "LatestRevisionDate"; Value = "17-Jul-2002"; VariantName = "[No Variations]"
Add component (AddParameter): Name = "LatestRevisionNote"; Value = "Re-released for DXP Platform."; VariantName = "[No Variations]"
Add component (AddParameter): Name = "PackageReference"; Value = "AXIAL-0.4"; VariantName = "[No Variations]"
Add component (AddParameter): Name = "Published"; Value = "8-Jun-2000"; VariantName = "[No Variations]"
Add component (AddParameter): Name = "Publisher"; Value = "Altium Limited"; VariantName = "[No Variations]"
Add component (AddParameter): Name = "Value"; Value = "0805"; VariantName = "[No Variations]"
Added Component: Designator=R2(DIEN TRO 0805)
Add component. Clean all parameters for all variants
Add component (AddParameter): Name = "LatestRevisionDate"; Value = "17-Jul-2002"; VariantName = "[No Variations]"
Add component (AddParameter): Name = "LatestRevisionNote"; Value = "Re-released for DXP Platform."; VariantName = "[No Variations]"
Add component (AddParameter): Name = "PackageReference"; Value = "AXIAL-0.4"; VariantName = "[No Variations]"
Add component (AddParameter): Name = "Published"; Value = "8-Jun-2000"; VariantName = "[No Variations]"
Add component (AddParameter): Name = "Publisher"; Value = "Altium Limited"; VariantName = "[No Variations]"
Add component (AddParameter): Name = "Value"; Value = "0805"; VariantName = "[No Variations]"
Added Component: Designator=U1(DIP40 - duplicate)
Add component. Clean all parameters for all variants
Added Component: Designator=U2(SOIC127P600X175-16N)
Add component. Clean all parameters for all variants
Add component (AddParameter): Name = "Availability"; Value = "Unavailable"; VariantName = "[No Variations]"
Add component (AddParameter): Name = "MF"; Value = ""; VariantName = "[No Variations]"
Add component (AddParameter): Name = "MP"; Value = "INA125UA"; VariantName = "[No Variations]"
Add component (AddParameter): Name = "Package"; Value = "None"; VariantName = "[No Variations]"
Add component (AddParameter): Name = "Price"; Value = "None"; VariantName = "[No Variations]"
Add component (AddParameter): Name = "Value"; Value = ""; VariantName = "[No Variations]"
Added Pin To Net: NetName=NetC1_1 Pin=C1-1
Added Pin To Net: NetName=NetC1_2 Pin=C1-2
Added Pin To Net: NetName=NetC1_3 Pin=C1-3
Added Pin To Net: NetName=NetC1_4 Pin=C1-4
Added Pin To Net: NetName=NetC1_6 Pin=C1-6
Added Pin To Net: NetName=NetC1_7 Pin=C1-7
Added Pin To Net: NetName=NetC1_8 Pin=C1-8
Added Pin To Net: NetName=NetC1_6 Pin=C2-1
Added Pin To Net: NetName=NetC1_8 Pin=C2-2
Added Pin To Net: NetName=NetC1_6 Pin=C3-1
Added Pin To Net: NetName=NetC1_6 Pin=C3-2
Added Pin To Net: NetName=NetC1_6 Pin=P1-1
Added Pin To Net: NetName=VREFOUT Pin=P1-2
Added Pin To Net: NetName=VIN- Pin=P1-3
Added Pin To Net: NetName=VIN+ Pin=P1-4
Added Pin To Net: NetName=NetP2_1 Pin=P2-1
Added Pin To Net: NetName=NetP2_2 Pin=P2-2
Added Pin To Net: NetName=NetC1_6 Pin=P2-3
Added Pin To Net: NetName=NetC1_8 Pin=P2-4
Added Pin To Net: NetName=NetR1_1 Pin=R1-1
Added Pin To Net: NetName=NetC1_6 Pin=R1-2
Added Pin To Net: NetName=RG_8 Pin=R2-1
Added Pin To Net: NetName=RG_9 Pin=R2-2
Added Pin To Net: NetName=NetC1_8 Pin=U2-1
Added Pin To Net: NetName=NetC1_6 Pin=U2-3
Added Pin To Net: NetName=VREFOUT Pin=U2-4
Added Pin To Net: NetName=NetC1_6 Pin=U2-5
Added Pin To Net: NetName=VIN+ Pin=U2-6
Added Pin To Net: NetName=VIN- Pin=U2-7
Added Pin To Net: NetName=RG_8 Pin=U2-8
Added Pin To Net: NetName=RG_9 Pin=U2-9
Added Pin To Net: NetName=NetR1_1 Pin=U2-10
Added Pin To Net: NetName=NetR1_1 Pin=U2-11
Added Pin To Net: NetName=NetC1_6 Pin=U2-12
Added Pin To Net: NetName=VREFOUT Pin=U2-14
Added Member To Class: ClassName=Designator Member=Component C1 JP8x1-2.0
Added Member To Class: ClassName=Designator Member=Component C2 Capacitor Ceramic
Added Member To Class: ClassName=Designator Member=Component C3 Capacitor Ceramic
Added Member To Class: ClassName=Designator Member=Component P1 Header 4
Added Member To Class: ClassName=Designator Member=Component P2 Header 4
Added Member To Class: ClassName=Designator Member=Component R1 R0805
Added Member To Class: ClassName=Designator Member=Component R2 R0805
Added Member To Class: ClassName=Designator Member=Component U1 BluePill
Added Member To Class: ClassName=Designator Member=Component U2 INA125UA
Added Room: Name=Designator
Added Room: Name=Designator
Added Room: Name=Designator
Added Room: Name=Designator
