Added Component: Designator=U3(SOIC127P600X175-16N)
Add component. Clean all parameters for all variants
Add component (AddParameter): Name = "Availability"; Value = "Unavailable"; VariantName = "[No Variations]"
Add component (AddParameter): Name = "MF"; Value = ""; VariantName = "[No Variations]"
Add component (AddParameter): Name = "MP"; Value = "INA125UA"; VariantName = "[No Variations]"
Add component (AddParameter): Name = "Package"; Value = "None"; VariantName = "[No Variations]"
Add component (AddParameter): Name = "Price"; Value = "None"; VariantName = "[No Variations]"
Add component (AddParameter): Name = "Value"; Value = ""; VariantName = "[No Variations]"
Added Component: Designator=VR1(VR)
Add component. Clean all parameters for all variants
Add component (AddParameter): Name = "Value"; Value = "VR 10K"; VariantName = "[No Variations]"
Added Pin To Net: NetName=3.3V Pin=U3-1
Added Pin To Net: NetName=GND Pin=U3-3
Added Pin To Net: NetName=VREFOUT Pin=U3-4
Added Pin To Net: NetName=GND Pin=U3-5
Added Pin To Net: NetName=VIN+ Pin=U3-6
Added Pin To Net: NetName=VIN- Pin=U3-7
Added Pin To Net: NetName=NetU1_36 Pin=U3-10
Added Pin To Net: NetName=NetU1_36 Pin=U3-11
Added Pin To Net: NetName=GND Pin=U3-12
Added Pin To Net: NetName=VREFOUT Pin=U3-16
Added Pin To Net: NetName=NetU3_8 Pin=U3-8
Added Pin To Net: NetName=NetU3_8 Pin=VR1-3
Added Net: Name=NetU3_8
Added Pin To Net: NetName=NetU3_9 Pin=U3-9
Added Pin To Net: NetName=NetU3_9 Pin=VR1-2
Added Net: Name=NetU3_9
Added Member To Class: ClassName=05_ElectronicScales Member=Component U3 INA125UA
Added Member To Class: ClassName=05_ElectronicScales Member=Component VR1 10K
Added Room: Name=01_MCU
Added Room: Name=02_PowerSupply
Added Room: Name=03_RFID
Added Room: Name=04_ComputerConnect
Added Room: Name=05_ElectronicScales
