Added Component: Designator=C1(C1206)
Add component. Clean all parameters for all variants
Added Component: Designator=C2(C1206)
Add component. Clean all parameters for all variants
Added Component: Designator=C3(C1206)
Add component. Clean all parameters for all variants
Added Component: Designator=C4(C1206)
Add component. Clean all parameters for all variants
Added Component: Designator=C5(CN1)
Add component. Clean all parameters for all variants
Add component (AddParameter): Name = "Value"; Value = "100pF"; VariantName = "[No Variations]"
Added Component: Designator=C6(CN1)
Add component. Clean all parameters for all variants
Add component (AddParameter): Name = "Value"; Value = "100pF"; VariantName = "[No Variations]"
Added Component: Designator=C7(J8-C1T)
Add component. Clean all parameters for all variants
Add component (AddParameter): Name = "ComponentLink1 Description"; Value = "Manufacturer"; VariantName = "[No Variations]"
Add component (AddParameter): Name = "ComponentLink1URL"; Value = "http://www.we-online.com"; VariantName = "[No Variations]"
Add component (AddParameter): Name = "ComponentLink2 Description"; Value = "Datasheet"; VariantName = "[No Variations]"
Add component (AddParameter): Name = "ComponentLink2URL"; Value = "http://katalog.we-online.de/em/datasheet/6200xx11821.pdf"; VariantName = "[No Variations]"
Add component (AddParameter): Name = "Created by"; Value = "Karrer Zheng"; VariantName = "[No Variations]"
Add component (AddParameter): Name = "Created Date"; Value = "2 April 2013"; VariantName = "[No Variations]"
Add component (AddParameter): Name = "Manufacturer"; Value = "W¨¹rth Elektronik eiSos GmbH"; VariantName = "[No Variations]"
Add component (AddParameter): Name = "NoPins"; Value = "08"; VariantName = "[No Variations]"
Add component (AddParameter): Name = "partNo"; Value = "62000811821"; VariantName = "[No Variations]"
Added Component: Designator=C8(C3MM)
Add component. Clean all parameters for all variants
Add component (AddParameter): Name = ""; Value = "1uF"; VariantName = "[No Variations]"
Add component (AddParameter): Name = "LatestRevisionDate"; Value = "17-Jul-2002"; VariantName = "[No Variations]"
Add component (AddParameter): Name = "LatestRevisionNote"; Value = "Re-released for DXP Platform."; VariantName = "[No Variations]"
Add component (AddParameter): Name = "PackageReference"; Value = "POLAR0.8"; VariantName = "[No Variations]"
Add component (AddParameter): Name = "Published"; Value = "8-Jun-2000"; VariantName = "[No Variations]"
Add component (AddParameter): Name = "Publisher"; Value = "Altium Limited"; VariantName = "[No Variations]"
Added Component: Designator=C9(C0805)
Add component. Clean all parameters for all variants
Add component (AddParameter): Name = "LatestRevisionDate"; Value = "17-Jul-2002"; VariantName = "[No Variations]"
Add component (AddParameter): Name = "LatestRevisionNote"; Value = "Re-released for DXP Platform."; VariantName = "[No Variations]"
Add component (AddParameter): Name = "PackageReference"; Value = "RAD-0.3"; VariantName = "[No Variations]"
Add component (AddParameter): Name = "Published"; Value = "8-Jun-2000"; VariantName = "[No Variations]"
Add component (AddParameter): Name = "Publisher"; Value = "Altium Limited"; VariantName = "[No Variations]"
Add component (AddParameter): Name = "Value"; Value = "33p"; VariantName = "[No Variations]"
Added Component: Designator=C10(C0805)
Add component. Clean all parameters for all variants
Add component (AddParameter): Name = "LatestRevisionDate"; Value = "17-Jul-2002"; VariantName = "[No Variations]"
Add component (AddParameter): Name = "LatestRevisionNote"; Value = "Re-released for DXP Platform."; VariantName = "[No Variations]"
Add component (AddParameter): Name = "PackageReference"; Value = "RAD-0.3"; VariantName = "[No Variations]"
Add component (AddParameter): Name = "Published"; Value = "8-Jun-2000"; VariantName = "[No Variations]"
Add component (AddParameter): Name = "Publisher"; Value = "Altium Limited"; VariantName = "[No Variations]"
Add component (AddParameter): Name = "Value"; Value = "33p"; VariantName = "[No Variations]"
Added Component: Designator=D1(DZ0.5A)
Add component. Clean all parameters for all variants
Add component (AddParameter): Name = "Value"; Value = "3v3"; VariantName = "[No Variations]"
Added Component: Designator=L1(L-DIP-M-5.3)
Add component. Clean all parameters for all variants
Add component (AddParameter): Name = "Value"; Value = "150 mH"; VariantName = "[No Variations]"
Added Component: Designator=P1(Medium - Header 2)
Add component. Clean all parameters for all variants
Add component (AddParameter): Name = "LatestRevisionDate"; Value = "17-Jul-2002"; VariantName = "[No Variations]"
Add component (AddParameter): Name = "LatestRevisionNote"; Value = "Re-released for DXP Platform."; VariantName = "[No Variations]"
Add component (AddParameter): Name = "Publisher"; Value = "Altium Limited"; VariantName = "[No Variations]"
Added Component: Designator=P2(HDR1X4)
Add component. Clean all parameters for all variants
Add component (AddParameter): Name = "LatestRevisionDate"; Value = "17-Jul-2002"; VariantName = "[No Variations]"
Add component (AddParameter): Name = "LatestRevisionNote"; Value = "Re-released for DXP Platform."; VariantName = "[No Variations]"
Add component (AddParameter): Name = "Publisher"; Value = "Altium Limited"; VariantName = "[No Variations]"
Added Component: Designator=P3(HDR1X4)
Add component. Clean all parameters for all variants
Add component (AddParameter): Name = "LatestRevisionDate"; Value = "17-Jul-2002"; VariantName = "[No Variations]"
Add component (AddParameter): Name = "LatestRevisionNote"; Value = "Re-released for DXP Platform."; VariantName = "[No Variations]"
Add component (AddParameter): Name = "Publisher"; Value = "Altium Limited"; VariantName = "[No Variations]"
Added Component: Designator=R1(DIEN TRO 0805)
Add component. Clean all parameters for all variants
Add component (AddParameter): Name = "LatestRevisionDate"; Value = "17-Jul-2002"; VariantName = "[No Variations]"
Add component (AddParameter): Name = "LatestRevisionNote"; Value = "Re-released for DXP Platform."; VariantName = "[No Variations]"
Add component (AddParameter): Name = "PackageReference"; Value = "AXIAL-0.4"; VariantName = "[No Variations]"
Add component (AddParameter): Name = "Published"; Value = "8-Jun-2000"; VariantName = "[No Variations]"
Add component (AddParameter): Name = "Publisher"; Value = "Altium Limited"; VariantName = "[No Variations]"
Add component (AddParameter): Name = "Value"; Value = "0805"; VariantName = "[No Variations]"
Added Component: Designator=R2(DIEN TRO 0805)
Add component. Clean all parameters for all variants
Add component (AddParameter): Name = "LatestRevisionDate"; Value = "17-Jul-2002"; VariantName = "[No Variations]"
Add component (AddParameter): Name = "LatestRevisionNote"; Value = "Re-released for DXP Platform."; VariantName = "[No Variations]"
Add component (AddParameter): Name = "PackageReference"; Value = "AXIAL-0.4"; VariantName = "[No Variations]"
Add component (AddParameter): Name = "Published"; Value = "8-Jun-2000"; VariantName = "[No Variations]"
Add component (AddParameter): Name = "Publisher"; Value = "Altium Limited"; VariantName = "[No Variations]"
Add component (AddParameter): Name = "Value"; Value = "0805"; VariantName = "[No Variations]"
Added Component: Designator=R3(DIEN TRO 0805)
Add component. Clean all parameters for all variants
Add component (AddParameter): Name = "LatestRevisionDate"; Value = "17-Jul-2002"; VariantName = "[No Variations]"
Add component (AddParameter): Name = "LatestRevisionNote"; Value = "Re-released for DXP Platform."; VariantName = "[No Variations]"
Add component (AddParameter): Name = "PackageReference"; Value = "AXIAL-0.4"; VariantName = "[No Variations]"
Add component (AddParameter): Name = "Published"; Value = "8-Jun-2000"; VariantName = "[No Variations]"
Add component (AddParameter): Name = "Publisher"; Value = "Altium Limited"; VariantName = "[No Variations]"
Add component (AddParameter): Name = "Value"; Value = "0805"; VariantName = "[No Variations]"
Added Component: Designator=R4(DIEN TRO 0805)
Add component. Clean all parameters for all variants
Add component (AddParameter): Name = "LatestRevisionDate"; Value = "17-Jul-2002"; VariantName = "[No Variations]"
Add component (AddParameter): Name = "LatestRevisionNote"; Value = "Re-released for DXP Platform."; VariantName = "[No Variations]"
Add component (AddParameter): Name = "PackageReference"; Value = "AXIAL-0.4"; VariantName = "[No Variations]"
Add component (AddParameter): Name = "Published"; Value = "8-Jun-2000"; VariantName = "[No Variations]"
Add component (AddParameter): Name = "Publisher"; Value = "Altium Limited"; VariantName = "[No Variations]"
Add component (AddParameter): Name = "Value"; Value = "0805"; VariantName = "[No Variations]"
Added Component: Designator=R5(DIEN TRO 0805)
Add component. Clean all parameters for all variants
Add component (AddParameter): Name = "LatestRevisionDate"; Value = "17-Jul-2002"; VariantName = "[No Variations]"
Add component (AddParameter): Name = "LatestRevisionNote"; Value = "Re-released for DXP Platform."; VariantName = "[No Variations]"
Add component (AddParameter): Name = "PackageReference"; Value = "AXIAL-0.4"; VariantName = "[No Variations]"
Add component (AddParameter): Name = "Published"; Value = "8-Jun-2000"; VariantName = "[No Variations]"
Add component (AddParameter): Name = "Publisher"; Value = "Altium Limited"; VariantName = "[No Variations]"
Add component (AddParameter): Name = "Value"; Value = "0805"; VariantName = "[No Variations]"
Added Component: Designator=R6(DIEN TRO 0805)
Add component. Clean all parameters for all variants
Add component (AddParameter): Name = "LatestRevisionDate"; Value = "17-Jul-2002"; VariantName = "[No Variations]"
Add component (AddParameter): Name = "LatestRevisionNote"; Value = "Re-released for DXP Platform."; VariantName = "[No Variations]"
Add component (AddParameter): Name = "PackageReference"; Value = "AXIAL-0.4"; VariantName = "[No Variations]"
Add component (AddParameter): Name = "Published"; Value = "8-Jun-2000"; VariantName = "[No Variations]"
Add component (AddParameter): Name = "Publisher"; Value = "Altium Limited"; VariantName = "[No Variations]"
Add component (AddParameter): Name = "Value"; Value = "0805"; VariantName = "[No Variations]"
Added Component: Designator=S1(SW-SMD)
Add component. Clean all parameters for all variants
Add component (AddParameter): Name = "LatestRevisionDate"; Value = "17-Jul-2002"; VariantName = "[No Variations]"
Add component (AddParameter): Name = "LatestRevisionNote"; Value = "Re-released for DXP Platform."; VariantName = "[No Variations]"
Add component (AddParameter): Name = "PackageReference"; Value = "SPST-2"; VariantName = "[No Variations]"
Add component (AddParameter): Name = "Published"; Value = "24-Mar-1999"; VariantName = "[No Variations]"
Add component (AddParameter): Name = "Publisher"; Value = "Altium Limited"; VariantName = "[No Variations]"
Added Component: Designator=U1(DIP40 - duplicate)
Add component. Clean all parameters for all variants
Added Component: Designator=U2(TPS5430-2)
Add component. Clean all parameters for all variants
Add component (AddParameter): Name = "Name"; Value = "TPS5430"; VariantName = "[No Variations]"
Added Component: Designator=U3(SOIC127P600X175-16N)
Add component. Clean all parameters for all variants
Add component (AddParameter): Name = "Availability"; Value = "Unavailable"; VariantName = "[No Variations]"
Add component (AddParameter): Name = "MF"; Value = ""; VariantName = "[No Variations]"
Add component (AddParameter): Name = "MP"; Value = "INA125UA"; VariantName = "[No Variations]"
Add component (AddParameter): Name = "Package"; Value = "None"; VariantName = "[No Variations]"
Add component (AddParameter): Name = "Price"; Value = "None"; VariantName = "[No Variations]"
Add component (AddParameter): Name = "Value"; Value = ""; VariantName = "[No Variations]"
Added Pin To Net: NetName=NetC1_1 Pin=C1-1
Added Pin To Net: NetName=NetC1_2 Pin=C1-2
Added Pin To Net: NetName=GND Pin=C2-1
Added Pin To Net: NetName=NetC2_2 Pin=C2-2
Added Pin To Net: NetName=3.3V Pin=C3-1
Added Pin To Net: NetName=GND Pin=C3-2
Added Pin To Net: NetName=NetC4_1 Pin=C4-1
Added Pin To Net: NetName=NetC4_2 Pin=C4-2
Added Pin To Net: NetName=NetC4_1 Pin=C5-1
Added Pin To Net: NetName=3.3V Pin=C5-2
Added Pin To Net: NetName=GND Pin=C6-1
Added Pin To Net: NetName=NetC4_1 Pin=C6-2
Added Pin To Net: NetName=GND Pin=C7-1
Added Pin To Net: NetName=NetC7_2 Pin=C7-2
Added Pin To Net: NetName=NetC7_3 Pin=C7-3
Added Pin To Net: NetName=NetC7_4 Pin=C7-4
Added Pin To Net: NetName=GND Pin=C7-5
Added Pin To Net: NetName=GND Pin=C7-6
Added Pin To Net: NetName=NetC7_7 Pin=C7-7
Added Pin To Net: NetName=3.3V Pin=C7-8
Added Pin To Net: NetName=3.3V Pin=C8-1
Added Pin To Net: NetName=NetC7_7 Pin=C8-2
Added Pin To Net: NetName=GND Pin=C9-1
Added Pin To Net: NetName=3.3V Pin=C9-2
Added Pin To Net: NetName=GND Pin=C10-1
Added Pin To Net: NetName=GND Pin=C10-2
Added Pin To Net: NetName=GND Pin=D1-1
Added Pin To Net: NetName=NetC1_1 Pin=D1-2
Added Pin To Net: NetName=NetC1_1 Pin=L1-1
Added Pin To Net: NetName=3.3V Pin=L1-2
Added Pin To Net: NetName=NetP1_1 Pin=P1-1
Added Pin To Net: NetName=NetC2_2 Pin=P1-2
Added Pin To Net: NetName=NetP2_1 Pin=P2-1
Added Pin To Net: NetName=3.3V Pin=P2-2
Added Pin To Net: NetName=GND Pin=P2-3
Added Pin To Net: NetName=NetP2_4 Pin=P2-4
Added Pin To Net: NetName=GND Pin=P3-1
Added Pin To Net: NetName=VREFOUT Pin=P3-2
Added Pin To Net: NetName=VIN- Pin=P3-3
Added Pin To Net: NetName=VIN+ Pin=P3-4
Added Pin To Net: NetName=NetC4_1 Pin=R1-1
Added Pin To Net: NetName=3.3V Pin=R1-2
Added Pin To Net: NetName=GND Pin=R2-1
Added Pin To Net: NetName=NetC4_1 Pin=R2-2
Added Pin To Net: NetName=GND Pin=R3-1
Added Pin To Net: NetName=NetC4_2 Pin=R3-2
Added Pin To Net: NetName=GND Pin=R4-1
Added Pin To Net: NetName=NetC7_7 Pin=R4-2
Added Pin To Net: NetName=NetR5_1 Pin=R5-1
Added Pin To Net: NetName=GND Pin=R5-2
Added Pin To Net: NetName=NetR6_1 Pin=R6-1
Added Pin To Net: NetName=NetR6_2 Pin=R6-2
Added Pin To Net: NetName=NetC7_7 Pin=S1-1
Added Pin To Net: NetName=3.3V Pin=S1-2
Added Pin To Net: NetName=NetP2_4 Pin=U1-6
Added Pin To Net: NetName=NetP2_1 Pin=U1-7
Added Pin To Net: NetName=GND Pin=U1-19
Added Pin To Net: NetName=3.3V Pin=U1-20
Added Pin To Net: NetName=NetC7_2 Pin=U1-29
Added Pin To Net: NetName=NetC7_4 Pin=U1-30
Added Pin To Net: NetName=NetC7_3 Pin=U1-31
Added Pin To Net: NetName=NetR5_1 Pin=U1-36
Added Pin To Net: NetName=NetC1_2 Pin=U2-1
Added Pin To Net: NetName=NetC4_1 Pin=U2-4
Added Pin To Net: NetName=GND Pin=U2-6
Added Pin To Net: NetName=NetP1_1 Pin=U2-7
Added Pin To Net: NetName=NetC1_1 Pin=U2-8
Added Pin To Net: NetName=GND Pin=U2-9
Added Pin To Net: NetName=GND Pin=U2-9
Added Pin To Net: NetName=3.3V Pin=U3-1
Added Pin To Net: NetName=GND Pin=U3-3
Added Pin To Net: NetName=VREFOUT Pin=U3-4
Added Pin To Net: NetName=GND Pin=U3-5
Added Pin To Net: NetName=VIN+ Pin=U3-6
Added Pin To Net: NetName=VIN- Pin=U3-7
Added Pin To Net: NetName=NetR6_1 Pin=U3-8
Added Pin To Net: NetName=NetR6_2 Pin=U3-9
Added Pin To Net: NetName=NetR5_1 Pin=U3-10
Added Pin To Net: NetName=NetR5_1 Pin=U3-11
Added Pin To Net: NetName=GND Pin=U3-12
Added Pin To Net: NetName=VREFOUT Pin=U3-14
Added Member To Class: ClassName=02_PowerSupply Member=Component C1 Value
Added Member To Class: ClassName=02_PowerSupply Member=Component C2 Value
Added Member To Class: ClassName=02_PowerSupply Member=Component C3 Value
Added Member To Class: ClassName=02_PowerSupply Member=Component C4 Value
Added Member To Class: ClassName=02_PowerSupply Member=Component C5 100pF
Added Member To Class: ClassName=02_PowerSupply Member=Component C6 100pF
Added Member To Class: ClassName=03_RFID Member=Component C7 JP8x1-2.0
Added Member To Class: ClassName=03_RFID Member=Component C8 Cap Pol 3mm
Added Member To Class: ClassName=05_ElectronicScales Member=Component C9 Capacitor Ceramic
Added Member To Class: ClassName=05_ElectronicScales Member=Component C10 Capacitor Ceramic
Added Member To Class: ClassName=02_PowerSupply Member=Component D1 3V3
Added Member To Class: ClassName=02_PowerSupply Member=Component L1 L-DIP-1
Added Member To Class: ClassName=02_PowerSupply Member=Component P1 Header 2 - M
Added Member To Class: ClassName=04_ComputerConnect Member=Component P2 Header 4
Added Member To Class: ClassName=05_ElectronicScales Member=Component P3 Header 4
Added Member To Class: ClassName=02_PowerSupply Member=Component R1 R0805
Added Member To Class: ClassName=02_PowerSupply Member=Component R2 R0805
Added Member To Class: ClassName=02_PowerSupply Member=Component R3 R0805
Added Member To Class: ClassName=03_RFID Member=Component R4 R0805
Added Member To Class: ClassName=05_ElectronicScales Member=Component R5 R0805
Added Member To Class: ClassName=05_ElectronicScales Member=Component R6 R0805
Added Member To Class: ClassName=03_RFID Member=Component S1 SW-SMD
Added Member To Class: ClassName=01_MCU Member=Component U1 BluePill
Added Member To Class: ClassName=02_PowerSupply Member=Component U2 TPS5430
Added Member To Class: ClassName=05_ElectronicScales Member=Component U3 INA125UA
Added Room: Name=01_MCU
Added Room: Name=02_PowerSupply
Added Room: Name=03_RFID
Added Room: Name=04_ComputerConnect
Added Room: Name=05_ElectronicScales
