ARM GAS  C:\Users\DELLPR~1\AppData\Local\Temp\ccUQL8Gd.s 			page 1


   1              		.cpu cortex-m3
   2              		.arch armv7-m
   3              		.fpu softvfp
   4              		.eabi_attribute 20, 1
   5              		.eabi_attribute 21, 1
   6              		.eabi_attribute 23, 3
   7              		.eabi_attribute 24, 1
   8              		.eabi_attribute 25, 1
   9              		.eabi_attribute 26, 1
  10              		.eabi_attribute 30, 1
  11              		.eabi_attribute 34, 1
  12              		.eabi_attribute 18, 4
  13              		.file	"stm32f1xx_hal_msp.c"
  14              		.text
  15              	.Ltext0:
  16              		.cfi_sections	.debug_frame
  17              		.section	.text.HAL_MspInit,"ax",%progbits
  18              		.align	1
  19              		.global	HAL_MspInit
  20              		.syntax unified
  21              		.thumb
  22              		.thumb_func
  24              	HAL_MspInit:
  25              	.LFB65:
  26              		.file 1 "Core/Src/stm32f1xx_hal_msp.c"
   1:Core/Src/stm32f1xx_hal_msp.c **** /* USER CODE BEGIN Header */
   2:Core/Src/stm32f1xx_hal_msp.c **** /**
   3:Core/Src/stm32f1xx_hal_msp.c ****   ******************************************************************************
   4:Core/Src/stm32f1xx_hal_msp.c ****   * @file         stm32f1xx_hal_msp.c
   5:Core/Src/stm32f1xx_hal_msp.c ****   * @brief        This file provides code for the MSP Initialization
   6:Core/Src/stm32f1xx_hal_msp.c ****   *               and de-Initialization codes.
   7:Core/Src/stm32f1xx_hal_msp.c ****   ******************************************************************************
   8:Core/Src/stm32f1xx_hal_msp.c ****   * @attention
   9:Core/Src/stm32f1xx_hal_msp.c ****   *
  10:Core/Src/stm32f1xx_hal_msp.c ****   * <h2><center>&copy; Copyright (c) 2022 STMicroelectronics.
  11:Core/Src/stm32f1xx_hal_msp.c ****   * All rights reserved.</center></h2>
  12:Core/Src/stm32f1xx_hal_msp.c ****   *
  13:Core/Src/stm32f1xx_hal_msp.c ****   * This software component is licensed by ST under BSD 3-Clause license,
  14:Core/Src/stm32f1xx_hal_msp.c ****   * the "License"; You may not use this file except in compliance with the
  15:Core/Src/stm32f1xx_hal_msp.c ****   * License. You may obtain a copy of the License at:
  16:Core/Src/stm32f1xx_hal_msp.c ****   *                        opensource.org/licenses/BSD-3-Clause
  17:Core/Src/stm32f1xx_hal_msp.c ****   *
  18:Core/Src/stm32f1xx_hal_msp.c ****   ******************************************************************************
  19:Core/Src/stm32f1xx_hal_msp.c ****   */
  20:Core/Src/stm32f1xx_hal_msp.c **** /* USER CODE END Header */
  21:Core/Src/stm32f1xx_hal_msp.c **** 
  22:Core/Src/stm32f1xx_hal_msp.c **** /* Includes ------------------------------------------------------------------*/
  23:Core/Src/stm32f1xx_hal_msp.c **** #include "main.h"
  24:Core/Src/stm32f1xx_hal_msp.c **** /* USER CODE BEGIN Includes */
  25:Core/Src/stm32f1xx_hal_msp.c **** 
  26:Core/Src/stm32f1xx_hal_msp.c **** /* USER CODE END Includes */
  27:Core/Src/stm32f1xx_hal_msp.c **** 
  28:Core/Src/stm32f1xx_hal_msp.c **** /* Private typedef -----------------------------------------------------------*/
  29:Core/Src/stm32f1xx_hal_msp.c **** /* USER CODE BEGIN TD */
  30:Core/Src/stm32f1xx_hal_msp.c **** 
  31:Core/Src/stm32f1xx_hal_msp.c **** /* USER CODE END TD */
  32:Core/Src/stm32f1xx_hal_msp.c **** 
ARM GAS  C:\Users\DELLPR~1\AppData\Local\Temp\ccUQL8Gd.s 			page 2


  33:Core/Src/stm32f1xx_hal_msp.c **** /* Private define ------------------------------------------------------------*/
  34:Core/Src/stm32f1xx_hal_msp.c **** /* USER CODE BEGIN Define */
  35:Core/Src/stm32f1xx_hal_msp.c **** 
  36:Core/Src/stm32f1xx_hal_msp.c **** /* USER CODE END Define */
  37:Core/Src/stm32f1xx_hal_msp.c **** 
  38:Core/Src/stm32f1xx_hal_msp.c **** /* Private macro -------------------------------------------------------------*/
  39:Core/Src/stm32f1xx_hal_msp.c **** /* USER CODE BEGIN Macro */
  40:Core/Src/stm32f1xx_hal_msp.c **** 
  41:Core/Src/stm32f1xx_hal_msp.c **** /* USER CODE END Macro */
  42:Core/Src/stm32f1xx_hal_msp.c **** 
  43:Core/Src/stm32f1xx_hal_msp.c **** /* Private variables ---------------------------------------------------------*/
  44:Core/Src/stm32f1xx_hal_msp.c **** /* USER CODE BEGIN PV */
  45:Core/Src/stm32f1xx_hal_msp.c **** 
  46:Core/Src/stm32f1xx_hal_msp.c **** /* USER CODE END PV */
  47:Core/Src/stm32f1xx_hal_msp.c **** 
  48:Core/Src/stm32f1xx_hal_msp.c **** /* Private function prototypes -----------------------------------------------*/
  49:Core/Src/stm32f1xx_hal_msp.c **** /* USER CODE BEGIN PFP */
  50:Core/Src/stm32f1xx_hal_msp.c **** 
  51:Core/Src/stm32f1xx_hal_msp.c **** /* USER CODE END PFP */
  52:Core/Src/stm32f1xx_hal_msp.c **** 
  53:Core/Src/stm32f1xx_hal_msp.c **** /* External functions --------------------------------------------------------*/
  54:Core/Src/stm32f1xx_hal_msp.c **** /* USER CODE BEGIN ExternalFunctions */
  55:Core/Src/stm32f1xx_hal_msp.c **** 
  56:Core/Src/stm32f1xx_hal_msp.c **** /* USER CODE END ExternalFunctions */
  57:Core/Src/stm32f1xx_hal_msp.c **** 
  58:Core/Src/stm32f1xx_hal_msp.c **** /* USER CODE BEGIN 0 */
  59:Core/Src/stm32f1xx_hal_msp.c **** 
  60:Core/Src/stm32f1xx_hal_msp.c **** /* USER CODE END 0 */
  61:Core/Src/stm32f1xx_hal_msp.c **** /**
  62:Core/Src/stm32f1xx_hal_msp.c ****   * Initializes the Global MSP.
  63:Core/Src/stm32f1xx_hal_msp.c ****   */
  64:Core/Src/stm32f1xx_hal_msp.c **** void HAL_MspInit(void)
  65:Core/Src/stm32f1xx_hal_msp.c **** {
  27              		.loc 1 65 1 view -0
  28              		.cfi_startproc
  29              		@ args = 0, pretend = 0, frame = 8
  30              		@ frame_needed = 0, uses_anonymous_args = 0
  31              		@ link register save eliminated.
  32 0000 82B0     		sub	sp, sp, #8
  33              	.LCFI0:
  34              		.cfi_def_cfa_offset 8
  66:Core/Src/stm32f1xx_hal_msp.c ****   /* USER CODE BEGIN MspInit 0 */
  67:Core/Src/stm32f1xx_hal_msp.c **** 
  68:Core/Src/stm32f1xx_hal_msp.c ****   /* USER CODE END MspInit 0 */
  69:Core/Src/stm32f1xx_hal_msp.c **** 
  70:Core/Src/stm32f1xx_hal_msp.c ****   __HAL_RCC_AFIO_CLK_ENABLE();
  35              		.loc 1 70 3 view .LVU1
  36              	.LBB2:
  37              		.loc 1 70 3 view .LVU2
  38              		.loc 1 70 3 view .LVU3
  39 0002 0E4B     		ldr	r3, .L3
  40 0004 9A69     		ldr	r2, [r3, #24]
  41 0006 42F00102 		orr	r2, r2, #1
  42 000a 9A61     		str	r2, [r3, #24]
  43              		.loc 1 70 3 view .LVU4
  44 000c 9A69     		ldr	r2, [r3, #24]
  45 000e 02F00102 		and	r2, r2, #1
ARM GAS  C:\Users\DELLPR~1\AppData\Local\Temp\ccUQL8Gd.s 			page 3


  46 0012 0092     		str	r2, [sp]
  47              		.loc 1 70 3 view .LVU5
  48 0014 009A     		ldr	r2, [sp]
  49              	.LBE2:
  50              		.loc 1 70 3 view .LVU6
  71:Core/Src/stm32f1xx_hal_msp.c ****   __HAL_RCC_PWR_CLK_ENABLE();
  51              		.loc 1 71 3 view .LVU7
  52              	.LBB3:
  53              		.loc 1 71 3 view .LVU8
  54              		.loc 1 71 3 view .LVU9
  55 0016 DA69     		ldr	r2, [r3, #28]
  56 0018 42F08052 		orr	r2, r2, #268435456
  57 001c DA61     		str	r2, [r3, #28]
  58              		.loc 1 71 3 view .LVU10
  59 001e DB69     		ldr	r3, [r3, #28]
  60 0020 03F08053 		and	r3, r3, #268435456
  61 0024 0193     		str	r3, [sp, #4]
  62              		.loc 1 71 3 view .LVU11
  63 0026 019B     		ldr	r3, [sp, #4]
  64              	.LBE3:
  65              		.loc 1 71 3 view .LVU12
  72:Core/Src/stm32f1xx_hal_msp.c **** 
  73:Core/Src/stm32f1xx_hal_msp.c ****   /* System interrupt init*/
  74:Core/Src/stm32f1xx_hal_msp.c **** 
  75:Core/Src/stm32f1xx_hal_msp.c ****   /** NOJTAG: JTAG-DP Disabled and SW-DP Enabled
  76:Core/Src/stm32f1xx_hal_msp.c ****   */
  77:Core/Src/stm32f1xx_hal_msp.c ****   __HAL_AFIO_REMAP_SWJ_NOJTAG();
  66              		.loc 1 77 3 view .LVU13
  67              	.LBB4:
  68              		.loc 1 77 3 view .LVU14
  69 0028 054A     		ldr	r2, .L3+4
  70 002a 5368     		ldr	r3, [r2, #4]
  71              	.LVL0:
  72              		.loc 1 77 3 view .LVU15
  73 002c 23F0E063 		bic	r3, r3, #117440512
  74              	.LVL1:
  75              		.loc 1 77 3 view .LVU16
  76 0030 43F00073 		orr	r3, r3, #33554432
  77              	.LVL2:
  78              		.loc 1 77 3 view .LVU17
  79 0034 5360     		str	r3, [r2, #4]
  80              	.LBE4:
  81              		.loc 1 77 3 view .LVU18
  78:Core/Src/stm32f1xx_hal_msp.c **** 
  79:Core/Src/stm32f1xx_hal_msp.c ****   /* USER CODE BEGIN MspInit 1 */
  80:Core/Src/stm32f1xx_hal_msp.c **** 
  81:Core/Src/stm32f1xx_hal_msp.c ****   /* USER CODE END MspInit 1 */
  82:Core/Src/stm32f1xx_hal_msp.c **** }
  82              		.loc 1 82 1 is_stmt 0 view .LVU19
  83 0036 02B0     		add	sp, sp, #8
  84              	.LCFI1:
  85              		.cfi_def_cfa_offset 0
  86              		@ sp needed
  87 0038 7047     		bx	lr
  88              	.L4:
  89 003a 00BF     		.align	2
  90              	.L3:
ARM GAS  C:\Users\DELLPR~1\AppData\Local\Temp\ccUQL8Gd.s 			page 4


  91 003c 00100240 		.word	1073876992
  92 0040 00000140 		.word	1073807360
  93              		.cfi_endproc
  94              	.LFE65:
  96              		.section	.text.HAL_ADC_MspInit,"ax",%progbits
  97              		.align	1
  98              		.global	HAL_ADC_MspInit
  99              		.syntax unified
 100              		.thumb
 101              		.thumb_func
 103              	HAL_ADC_MspInit:
 104              	.LVL3:
 105              	.LFB66:
  83:Core/Src/stm32f1xx_hal_msp.c **** 
  84:Core/Src/stm32f1xx_hal_msp.c **** /**
  85:Core/Src/stm32f1xx_hal_msp.c **** * @brief ADC MSP Initialization
  86:Core/Src/stm32f1xx_hal_msp.c **** * This function configures the hardware resources used in this example
  87:Core/Src/stm32f1xx_hal_msp.c **** * @param hadc: ADC handle pointer
  88:Core/Src/stm32f1xx_hal_msp.c **** * @retval None
  89:Core/Src/stm32f1xx_hal_msp.c **** */
  90:Core/Src/stm32f1xx_hal_msp.c **** void HAL_ADC_MspInit(ADC_HandleTypeDef* hadc)
  91:Core/Src/stm32f1xx_hal_msp.c **** {
 106              		.loc 1 91 1 is_stmt 1 view -0
 107              		.cfi_startproc
 108              		@ args = 0, pretend = 0, frame = 24
 109              		@ frame_needed = 0, uses_anonymous_args = 0
 110              		.loc 1 91 1 is_stmt 0 view .LVU21
 111 0000 00B5     		push	{lr}
 112              	.LCFI2:
 113              		.cfi_def_cfa_offset 4
 114              		.cfi_offset 14, -4
 115 0002 87B0     		sub	sp, sp, #28
 116              	.LCFI3:
 117              		.cfi_def_cfa_offset 32
  92:Core/Src/stm32f1xx_hal_msp.c ****   GPIO_InitTypeDef GPIO_InitStruct = {0};
 118              		.loc 1 92 3 is_stmt 1 view .LVU22
 119              		.loc 1 92 20 is_stmt 0 view .LVU23
 120 0004 0023     		movs	r3, #0
 121 0006 0293     		str	r3, [sp, #8]
 122 0008 0393     		str	r3, [sp, #12]
 123 000a 0493     		str	r3, [sp, #16]
 124 000c 0593     		str	r3, [sp, #20]
  93:Core/Src/stm32f1xx_hal_msp.c ****   if(hadc->Instance==ADC1)
 125              		.loc 1 93 3 is_stmt 1 view .LVU24
 126              		.loc 1 93 10 is_stmt 0 view .LVU25
 127 000e 0268     		ldr	r2, [r0]
 128              		.loc 1 93 5 view .LVU26
 129 0010 114B     		ldr	r3, .L9
 130 0012 9A42     		cmp	r2, r3
 131 0014 02D0     		beq	.L8
 132              	.LVL4:
 133              	.L5:
  94:Core/Src/stm32f1xx_hal_msp.c ****   {
  95:Core/Src/stm32f1xx_hal_msp.c ****   /* USER CODE BEGIN ADC1_MspInit 0 */
  96:Core/Src/stm32f1xx_hal_msp.c **** 
  97:Core/Src/stm32f1xx_hal_msp.c ****   /* USER CODE END ADC1_MspInit 0 */
  98:Core/Src/stm32f1xx_hal_msp.c ****     /* Peripheral clock enable */
ARM GAS  C:\Users\DELLPR~1\AppData\Local\Temp\ccUQL8Gd.s 			page 5


  99:Core/Src/stm32f1xx_hal_msp.c ****     __HAL_RCC_ADC1_CLK_ENABLE();
 100:Core/Src/stm32f1xx_hal_msp.c **** 
 101:Core/Src/stm32f1xx_hal_msp.c ****     __HAL_RCC_GPIOA_CLK_ENABLE();
 102:Core/Src/stm32f1xx_hal_msp.c ****     /**ADC1 GPIO Configuration
 103:Core/Src/stm32f1xx_hal_msp.c ****     PA0-WKUP     ------> ADC1_IN0
 104:Core/Src/stm32f1xx_hal_msp.c ****     */
 105:Core/Src/stm32f1xx_hal_msp.c ****     GPIO_InitStruct.Pin = GPIO_PIN_0;
 106:Core/Src/stm32f1xx_hal_msp.c ****     GPIO_InitStruct.Mode = GPIO_MODE_ANALOG;
 107:Core/Src/stm32f1xx_hal_msp.c ****     HAL_GPIO_Init(GPIOA, &GPIO_InitStruct);
 108:Core/Src/stm32f1xx_hal_msp.c **** 
 109:Core/Src/stm32f1xx_hal_msp.c ****   /* USER CODE BEGIN ADC1_MspInit 1 */
 110:Core/Src/stm32f1xx_hal_msp.c **** 
 111:Core/Src/stm32f1xx_hal_msp.c ****   /* USER CODE END ADC1_MspInit 1 */
 112:Core/Src/stm32f1xx_hal_msp.c ****   }
 113:Core/Src/stm32f1xx_hal_msp.c **** 
 114:Core/Src/stm32f1xx_hal_msp.c **** }
 134              		.loc 1 114 1 view .LVU27
 135 0016 07B0     		add	sp, sp, #28
 136              	.LCFI4:
 137              		.cfi_remember_state
 138              		.cfi_def_cfa_offset 4
 139              		@ sp needed
 140 0018 5DF804FB 		ldr	pc, [sp], #4
 141              	.LVL5:
 142              	.L8:
 143              	.LCFI5:
 144              		.cfi_restore_state
  99:Core/Src/stm32f1xx_hal_msp.c **** 
 145              		.loc 1 99 5 is_stmt 1 view .LVU28
 146              	.LBB5:
  99:Core/Src/stm32f1xx_hal_msp.c **** 
 147              		.loc 1 99 5 view .LVU29
  99:Core/Src/stm32f1xx_hal_msp.c **** 
 148              		.loc 1 99 5 view .LVU30
 149 001c 03F56C43 		add	r3, r3, #60416
 150 0020 9A69     		ldr	r2, [r3, #24]
 151 0022 42F40072 		orr	r2, r2, #512
 152 0026 9A61     		str	r2, [r3, #24]
  99:Core/Src/stm32f1xx_hal_msp.c **** 
 153              		.loc 1 99 5 view .LVU31
 154 0028 9A69     		ldr	r2, [r3, #24]
 155 002a 02F40072 		and	r2, r2, #512
 156 002e 0092     		str	r2, [sp]
  99:Core/Src/stm32f1xx_hal_msp.c **** 
 157              		.loc 1 99 5 view .LVU32
 158 0030 009A     		ldr	r2, [sp]
 159              	.LBE5:
  99:Core/Src/stm32f1xx_hal_msp.c **** 
 160              		.loc 1 99 5 view .LVU33
 101:Core/Src/stm32f1xx_hal_msp.c ****     /**ADC1 GPIO Configuration
 161              		.loc 1 101 5 view .LVU34
 162              	.LBB6:
 101:Core/Src/stm32f1xx_hal_msp.c ****     /**ADC1 GPIO Configuration
 163              		.loc 1 101 5 view .LVU35
 101:Core/Src/stm32f1xx_hal_msp.c ****     /**ADC1 GPIO Configuration
 164              		.loc 1 101 5 view .LVU36
 165 0032 9A69     		ldr	r2, [r3, #24]
ARM GAS  C:\Users\DELLPR~1\AppData\Local\Temp\ccUQL8Gd.s 			page 6


 166 0034 42F00402 		orr	r2, r2, #4
 167 0038 9A61     		str	r2, [r3, #24]
 101:Core/Src/stm32f1xx_hal_msp.c ****     /**ADC1 GPIO Configuration
 168              		.loc 1 101 5 view .LVU37
 169 003a 9B69     		ldr	r3, [r3, #24]
 170 003c 03F00403 		and	r3, r3, #4
 171 0040 0193     		str	r3, [sp, #4]
 101:Core/Src/stm32f1xx_hal_msp.c ****     /**ADC1 GPIO Configuration
 172              		.loc 1 101 5 view .LVU38
 173 0042 019B     		ldr	r3, [sp, #4]
 174              	.LBE6:
 101:Core/Src/stm32f1xx_hal_msp.c ****     /**ADC1 GPIO Configuration
 175              		.loc 1 101 5 view .LVU39
 105:Core/Src/stm32f1xx_hal_msp.c ****     GPIO_InitStruct.Mode = GPIO_MODE_ANALOG;
 176              		.loc 1 105 5 view .LVU40
 105:Core/Src/stm32f1xx_hal_msp.c ****     GPIO_InitStruct.Mode = GPIO_MODE_ANALOG;
 177              		.loc 1 105 25 is_stmt 0 view .LVU41
 178 0044 0123     		movs	r3, #1
 179 0046 0293     		str	r3, [sp, #8]
 106:Core/Src/stm32f1xx_hal_msp.c ****     HAL_GPIO_Init(GPIOA, &GPIO_InitStruct);
 180              		.loc 1 106 5 is_stmt 1 view .LVU42
 106:Core/Src/stm32f1xx_hal_msp.c ****     HAL_GPIO_Init(GPIOA, &GPIO_InitStruct);
 181              		.loc 1 106 26 is_stmt 0 view .LVU43
 182 0048 0323     		movs	r3, #3
 183 004a 0393     		str	r3, [sp, #12]
 107:Core/Src/stm32f1xx_hal_msp.c **** 
 184              		.loc 1 107 5 is_stmt 1 view .LVU44
 185 004c 02A9     		add	r1, sp, #8
 186 004e 0348     		ldr	r0, .L9+4
 187              	.LVL6:
 107:Core/Src/stm32f1xx_hal_msp.c **** 
 188              		.loc 1 107 5 is_stmt 0 view .LVU45
 189 0050 FFF7FEFF 		bl	HAL_GPIO_Init
 190              	.LVL7:
 191              		.loc 1 114 1 view .LVU46
 192 0054 DFE7     		b	.L5
 193              	.L10:
 194 0056 00BF     		.align	2
 195              	.L9:
 196 0058 00240140 		.word	1073816576
 197 005c 00080140 		.word	1073809408
 198              		.cfi_endproc
 199              	.LFE66:
 201              		.section	.text.HAL_ADC_MspDeInit,"ax",%progbits
 202              		.align	1
 203              		.global	HAL_ADC_MspDeInit
 204              		.syntax unified
 205              		.thumb
 206              		.thumb_func
 208              	HAL_ADC_MspDeInit:
 209              	.LVL8:
 210              	.LFB67:
 115:Core/Src/stm32f1xx_hal_msp.c **** 
 116:Core/Src/stm32f1xx_hal_msp.c **** /**
 117:Core/Src/stm32f1xx_hal_msp.c **** * @brief ADC MSP De-Initialization
 118:Core/Src/stm32f1xx_hal_msp.c **** * This function freeze the hardware resources used in this example
 119:Core/Src/stm32f1xx_hal_msp.c **** * @param hadc: ADC handle pointer
ARM GAS  C:\Users\DELLPR~1\AppData\Local\Temp\ccUQL8Gd.s 			page 7


 120:Core/Src/stm32f1xx_hal_msp.c **** * @retval None
 121:Core/Src/stm32f1xx_hal_msp.c **** */
 122:Core/Src/stm32f1xx_hal_msp.c **** void HAL_ADC_MspDeInit(ADC_HandleTypeDef* hadc)
 123:Core/Src/stm32f1xx_hal_msp.c **** {
 211              		.loc 1 123 1 is_stmt 1 view -0
 212              		.cfi_startproc
 213              		@ args = 0, pretend = 0, frame = 0
 214              		@ frame_needed = 0, uses_anonymous_args = 0
 215              		.loc 1 123 1 is_stmt 0 view .LVU48
 216 0000 08B5     		push	{r3, lr}
 217              	.LCFI6:
 218              		.cfi_def_cfa_offset 8
 219              		.cfi_offset 3, -8
 220              		.cfi_offset 14, -4
 124:Core/Src/stm32f1xx_hal_msp.c ****   if(hadc->Instance==ADC1)
 221              		.loc 1 124 3 is_stmt 1 view .LVU49
 222              		.loc 1 124 10 is_stmt 0 view .LVU50
 223 0002 0268     		ldr	r2, [r0]
 224              		.loc 1 124 5 view .LVU51
 225 0004 064B     		ldr	r3, .L15
 226 0006 9A42     		cmp	r2, r3
 227 0008 00D0     		beq	.L14
 228              	.LVL9:
 229              	.L11:
 125:Core/Src/stm32f1xx_hal_msp.c ****   {
 126:Core/Src/stm32f1xx_hal_msp.c ****   /* USER CODE BEGIN ADC1_MspDeInit 0 */
 127:Core/Src/stm32f1xx_hal_msp.c **** 
 128:Core/Src/stm32f1xx_hal_msp.c ****   /* USER CODE END ADC1_MspDeInit 0 */
 129:Core/Src/stm32f1xx_hal_msp.c ****     /* Peripheral clock disable */
 130:Core/Src/stm32f1xx_hal_msp.c ****     __HAL_RCC_ADC1_CLK_DISABLE();
 131:Core/Src/stm32f1xx_hal_msp.c **** 
 132:Core/Src/stm32f1xx_hal_msp.c ****     /**ADC1 GPIO Configuration
 133:Core/Src/stm32f1xx_hal_msp.c ****     PA0-WKUP     ------> ADC1_IN0
 134:Core/Src/stm32f1xx_hal_msp.c ****     */
 135:Core/Src/stm32f1xx_hal_msp.c ****     HAL_GPIO_DeInit(GPIOA, GPIO_PIN_0);
 136:Core/Src/stm32f1xx_hal_msp.c **** 
 137:Core/Src/stm32f1xx_hal_msp.c ****   /* USER CODE BEGIN ADC1_MspDeInit 1 */
 138:Core/Src/stm32f1xx_hal_msp.c **** 
 139:Core/Src/stm32f1xx_hal_msp.c ****   /* USER CODE END ADC1_MspDeInit 1 */
 140:Core/Src/stm32f1xx_hal_msp.c ****   }
 141:Core/Src/stm32f1xx_hal_msp.c **** 
 142:Core/Src/stm32f1xx_hal_msp.c **** }
 230              		.loc 1 142 1 view .LVU52
 231 000a 08BD     		pop	{r3, pc}
 232              	.LVL10:
 233              	.L14:
 130:Core/Src/stm32f1xx_hal_msp.c **** 
 234              		.loc 1 130 5 is_stmt 1 view .LVU53
 235 000c 054A     		ldr	r2, .L15+4
 236 000e 9369     		ldr	r3, [r2, #24]
 237 0010 23F40073 		bic	r3, r3, #512
 238 0014 9361     		str	r3, [r2, #24]
 135:Core/Src/stm32f1xx_hal_msp.c **** 
 239              		.loc 1 135 5 view .LVU54
 240 0016 0121     		movs	r1, #1
 241 0018 0348     		ldr	r0, .L15+8
 242              	.LVL11:
ARM GAS  C:\Users\DELLPR~1\AppData\Local\Temp\ccUQL8Gd.s 			page 8


 135:Core/Src/stm32f1xx_hal_msp.c **** 
 243              		.loc 1 135 5 is_stmt 0 view .LVU55
 244 001a FFF7FEFF 		bl	HAL_GPIO_DeInit
 245              	.LVL12:
 246              		.loc 1 142 1 view .LVU56
 247 001e F4E7     		b	.L11
 248              	.L16:
 249              		.align	2
 250              	.L15:
 251 0020 00240140 		.word	1073816576
 252 0024 00100240 		.word	1073876992
 253 0028 00080140 		.word	1073809408
 254              		.cfi_endproc
 255              	.LFE67:
 257              		.section	.text.HAL_SPI_MspInit,"ax",%progbits
 258              		.align	1
 259              		.global	HAL_SPI_MspInit
 260              		.syntax unified
 261              		.thumb
 262              		.thumb_func
 264              	HAL_SPI_MspInit:
 265              	.LVL13:
 266              	.LFB68:
 143:Core/Src/stm32f1xx_hal_msp.c **** 
 144:Core/Src/stm32f1xx_hal_msp.c **** /**
 145:Core/Src/stm32f1xx_hal_msp.c **** * @brief SPI MSP Initialization
 146:Core/Src/stm32f1xx_hal_msp.c **** * This function configures the hardware resources used in this example
 147:Core/Src/stm32f1xx_hal_msp.c **** * @param hspi: SPI handle pointer
 148:Core/Src/stm32f1xx_hal_msp.c **** * @retval None
 149:Core/Src/stm32f1xx_hal_msp.c **** */
 150:Core/Src/stm32f1xx_hal_msp.c **** void HAL_SPI_MspInit(SPI_HandleTypeDef* hspi)
 151:Core/Src/stm32f1xx_hal_msp.c **** {
 267              		.loc 1 151 1 is_stmt 1 view -0
 268              		.cfi_startproc
 269              		@ args = 0, pretend = 0, frame = 24
 270              		@ frame_needed = 0, uses_anonymous_args = 0
 271              		.loc 1 151 1 is_stmt 0 view .LVU58
 272 0000 10B5     		push	{r4, lr}
 273              	.LCFI7:
 274              		.cfi_def_cfa_offset 8
 275              		.cfi_offset 4, -8
 276              		.cfi_offset 14, -4
 277 0002 86B0     		sub	sp, sp, #24
 278              	.LCFI8:
 279              		.cfi_def_cfa_offset 32
 152:Core/Src/stm32f1xx_hal_msp.c ****   GPIO_InitTypeDef GPIO_InitStruct = {0};
 280              		.loc 1 152 3 is_stmt 1 view .LVU59
 281              		.loc 1 152 20 is_stmt 0 view .LVU60
 282 0004 0023     		movs	r3, #0
 283 0006 0293     		str	r3, [sp, #8]
 284 0008 0393     		str	r3, [sp, #12]
 285 000a 0493     		str	r3, [sp, #16]
 286 000c 0593     		str	r3, [sp, #20]
 153:Core/Src/stm32f1xx_hal_msp.c ****   if(hspi->Instance==SPI1)
 287              		.loc 1 153 3 is_stmt 1 view .LVU61
 288              		.loc 1 153 10 is_stmt 0 view .LVU62
 289 000e 0268     		ldr	r2, [r0]
ARM GAS  C:\Users\DELLPR~1\AppData\Local\Temp\ccUQL8Gd.s 			page 9


 290              		.loc 1 153 5 view .LVU63
 291 0010 164B     		ldr	r3, .L21
 292 0012 9A42     		cmp	r2, r3
 293 0014 01D0     		beq	.L20
 294              	.LVL14:
 295              	.L17:
 154:Core/Src/stm32f1xx_hal_msp.c ****   {
 155:Core/Src/stm32f1xx_hal_msp.c ****   /* USER CODE BEGIN SPI1_MspInit 0 */
 156:Core/Src/stm32f1xx_hal_msp.c **** 
 157:Core/Src/stm32f1xx_hal_msp.c ****   /* USER CODE END SPI1_MspInit 0 */
 158:Core/Src/stm32f1xx_hal_msp.c ****     /* Peripheral clock enable */
 159:Core/Src/stm32f1xx_hal_msp.c ****     __HAL_RCC_SPI1_CLK_ENABLE();
 160:Core/Src/stm32f1xx_hal_msp.c **** 
 161:Core/Src/stm32f1xx_hal_msp.c ****     __HAL_RCC_GPIOA_CLK_ENABLE();
 162:Core/Src/stm32f1xx_hal_msp.c ****     /**SPI1 GPIO Configuration
 163:Core/Src/stm32f1xx_hal_msp.c ****     PA5     ------> SPI1_SCK
 164:Core/Src/stm32f1xx_hal_msp.c ****     PA6     ------> SPI1_MISO
 165:Core/Src/stm32f1xx_hal_msp.c ****     PA7     ------> SPI1_MOSI
 166:Core/Src/stm32f1xx_hal_msp.c ****     */
 167:Core/Src/stm32f1xx_hal_msp.c ****     GPIO_InitStruct.Pin = GPIO_PIN_5|GPIO_PIN_7;
 168:Core/Src/stm32f1xx_hal_msp.c ****     GPIO_InitStruct.Mode = GPIO_MODE_AF_PP;
 169:Core/Src/stm32f1xx_hal_msp.c ****     GPIO_InitStruct.Speed = GPIO_SPEED_FREQ_HIGH;
 170:Core/Src/stm32f1xx_hal_msp.c ****     HAL_GPIO_Init(GPIOA, &GPIO_InitStruct);
 171:Core/Src/stm32f1xx_hal_msp.c **** 
 172:Core/Src/stm32f1xx_hal_msp.c ****     GPIO_InitStruct.Pin = GPIO_PIN_6;
 173:Core/Src/stm32f1xx_hal_msp.c ****     GPIO_InitStruct.Mode = GPIO_MODE_INPUT;
 174:Core/Src/stm32f1xx_hal_msp.c ****     GPIO_InitStruct.Pull = GPIO_NOPULL;
 175:Core/Src/stm32f1xx_hal_msp.c ****     HAL_GPIO_Init(GPIOA, &GPIO_InitStruct);
 176:Core/Src/stm32f1xx_hal_msp.c **** 
 177:Core/Src/stm32f1xx_hal_msp.c ****   /* USER CODE BEGIN SPI1_MspInit 1 */
 178:Core/Src/stm32f1xx_hal_msp.c **** 
 179:Core/Src/stm32f1xx_hal_msp.c ****   /* USER CODE END SPI1_MspInit 1 */
 180:Core/Src/stm32f1xx_hal_msp.c ****   }
 181:Core/Src/stm32f1xx_hal_msp.c **** 
 182:Core/Src/stm32f1xx_hal_msp.c **** }
 296              		.loc 1 182 1 view .LVU64
 297 0016 06B0     		add	sp, sp, #24
 298              	.LCFI9:
 299              		.cfi_remember_state
 300              		.cfi_def_cfa_offset 8
 301              		@ sp needed
 302 0018 10BD     		pop	{r4, pc}
 303              	.LVL15:
 304              	.L20:
 305              	.LCFI10:
 306              		.cfi_restore_state
 159:Core/Src/stm32f1xx_hal_msp.c **** 
 307              		.loc 1 159 5 is_stmt 1 view .LVU65
 308              	.LBB7:
 159:Core/Src/stm32f1xx_hal_msp.c **** 
 309              		.loc 1 159 5 view .LVU66
 159:Core/Src/stm32f1xx_hal_msp.c **** 
 310              		.loc 1 159 5 view .LVU67
 311 001a 03F56043 		add	r3, r3, #57344
 312 001e 9A69     		ldr	r2, [r3, #24]
 313 0020 42F48052 		orr	r2, r2, #4096
 314 0024 9A61     		str	r2, [r3, #24]
ARM GAS  C:\Users\DELLPR~1\AppData\Local\Temp\ccUQL8Gd.s 			page 10


 159:Core/Src/stm32f1xx_hal_msp.c **** 
 315              		.loc 1 159 5 view .LVU68
 316 0026 9A69     		ldr	r2, [r3, #24]
 317 0028 02F48052 		and	r2, r2, #4096
 318 002c 0092     		str	r2, [sp]
 159:Core/Src/stm32f1xx_hal_msp.c **** 
 319              		.loc 1 159 5 view .LVU69
 320 002e 009A     		ldr	r2, [sp]
 321              	.LBE7:
 159:Core/Src/stm32f1xx_hal_msp.c **** 
 322              		.loc 1 159 5 view .LVU70
 161:Core/Src/stm32f1xx_hal_msp.c ****     /**SPI1 GPIO Configuration
 323              		.loc 1 161 5 view .LVU71
 324              	.LBB8:
 161:Core/Src/stm32f1xx_hal_msp.c ****     /**SPI1 GPIO Configuration
 325              		.loc 1 161 5 view .LVU72
 161:Core/Src/stm32f1xx_hal_msp.c ****     /**SPI1 GPIO Configuration
 326              		.loc 1 161 5 view .LVU73
 327 0030 9A69     		ldr	r2, [r3, #24]
 328 0032 42F00402 		orr	r2, r2, #4
 329 0036 9A61     		str	r2, [r3, #24]
 161:Core/Src/stm32f1xx_hal_msp.c ****     /**SPI1 GPIO Configuration
 330              		.loc 1 161 5 view .LVU74
 331 0038 9B69     		ldr	r3, [r3, #24]
 332 003a 03F00403 		and	r3, r3, #4
 333 003e 0193     		str	r3, [sp, #4]
 161:Core/Src/stm32f1xx_hal_msp.c ****     /**SPI1 GPIO Configuration
 334              		.loc 1 161 5 view .LVU75
 335 0040 019B     		ldr	r3, [sp, #4]
 336              	.LBE8:
 161:Core/Src/stm32f1xx_hal_msp.c ****     /**SPI1 GPIO Configuration
 337              		.loc 1 161 5 view .LVU76
 167:Core/Src/stm32f1xx_hal_msp.c ****     GPIO_InitStruct.Mode = GPIO_MODE_AF_PP;
 338              		.loc 1 167 5 view .LVU77
 167:Core/Src/stm32f1xx_hal_msp.c ****     GPIO_InitStruct.Mode = GPIO_MODE_AF_PP;
 339              		.loc 1 167 25 is_stmt 0 view .LVU78
 340 0042 A023     		movs	r3, #160
 341 0044 0293     		str	r3, [sp, #8]
 168:Core/Src/stm32f1xx_hal_msp.c ****     GPIO_InitStruct.Speed = GPIO_SPEED_FREQ_HIGH;
 342              		.loc 1 168 5 is_stmt 1 view .LVU79
 168:Core/Src/stm32f1xx_hal_msp.c ****     GPIO_InitStruct.Speed = GPIO_SPEED_FREQ_HIGH;
 343              		.loc 1 168 26 is_stmt 0 view .LVU80
 344 0046 0223     		movs	r3, #2
 345 0048 0393     		str	r3, [sp, #12]
 169:Core/Src/stm32f1xx_hal_msp.c ****     HAL_GPIO_Init(GPIOA, &GPIO_InitStruct);
 346              		.loc 1 169 5 is_stmt 1 view .LVU81
 169:Core/Src/stm32f1xx_hal_msp.c ****     HAL_GPIO_Init(GPIOA, &GPIO_InitStruct);
 347              		.loc 1 169 27 is_stmt 0 view .LVU82
 348 004a 0323     		movs	r3, #3
 349 004c 0593     		str	r3, [sp, #20]
 170:Core/Src/stm32f1xx_hal_msp.c **** 
 350              		.loc 1 170 5 is_stmt 1 view .LVU83
 351 004e 084C     		ldr	r4, .L21+4
 352 0050 02A9     		add	r1, sp, #8
 353 0052 2046     		mov	r0, r4
 354              	.LVL16:
 170:Core/Src/stm32f1xx_hal_msp.c **** 
ARM GAS  C:\Users\DELLPR~1\AppData\Local\Temp\ccUQL8Gd.s 			page 11


 355              		.loc 1 170 5 is_stmt 0 view .LVU84
 356 0054 FFF7FEFF 		bl	HAL_GPIO_Init
 357              	.LVL17:
 172:Core/Src/stm32f1xx_hal_msp.c ****     GPIO_InitStruct.Mode = GPIO_MODE_INPUT;
 358              		.loc 1 172 5 is_stmt 1 view .LVU85
 172:Core/Src/stm32f1xx_hal_msp.c ****     GPIO_InitStruct.Mode = GPIO_MODE_INPUT;
 359              		.loc 1 172 25 is_stmt 0 view .LVU86
 360 0058 4023     		movs	r3, #64
 361 005a 0293     		str	r3, [sp, #8]
 173:Core/Src/stm32f1xx_hal_msp.c ****     GPIO_InitStruct.Pull = GPIO_NOPULL;
 362              		.loc 1 173 5 is_stmt 1 view .LVU87
 173:Core/Src/stm32f1xx_hal_msp.c ****     GPIO_InitStruct.Pull = GPIO_NOPULL;
 363              		.loc 1 173 26 is_stmt 0 view .LVU88
 364 005c 0023     		movs	r3, #0
 365 005e 0393     		str	r3, [sp, #12]
 174:Core/Src/stm32f1xx_hal_msp.c ****     HAL_GPIO_Init(GPIOA, &GPIO_InitStruct);
 366              		.loc 1 174 5 is_stmt 1 view .LVU89
 174:Core/Src/stm32f1xx_hal_msp.c ****     HAL_GPIO_Init(GPIOA, &GPIO_InitStruct);
 367              		.loc 1 174 26 is_stmt 0 view .LVU90
 368 0060 0493     		str	r3, [sp, #16]
 175:Core/Src/stm32f1xx_hal_msp.c **** 
 369              		.loc 1 175 5 is_stmt 1 view .LVU91
 370 0062 02A9     		add	r1, sp, #8
 371 0064 2046     		mov	r0, r4
 372 0066 FFF7FEFF 		bl	HAL_GPIO_Init
 373              	.LVL18:
 374              		.loc 1 182 1 is_stmt 0 view .LVU92
 375 006a D4E7     		b	.L17
 376              	.L22:
 377              		.align	2
 378              	.L21:
 379 006c 00300140 		.word	1073819648
 380 0070 00080140 		.word	1073809408
 381              		.cfi_endproc
 382              	.LFE68:
 384              		.section	.text.HAL_SPI_MspDeInit,"ax",%progbits
 385              		.align	1
 386              		.global	HAL_SPI_MspDeInit
 387              		.syntax unified
 388              		.thumb
 389              		.thumb_func
 391              	HAL_SPI_MspDeInit:
 392              	.LVL19:
 393              	.LFB69:
 183:Core/Src/stm32f1xx_hal_msp.c **** 
 184:Core/Src/stm32f1xx_hal_msp.c **** /**
 185:Core/Src/stm32f1xx_hal_msp.c **** * @brief SPI MSP De-Initialization
 186:Core/Src/stm32f1xx_hal_msp.c **** * This function freeze the hardware resources used in this example
 187:Core/Src/stm32f1xx_hal_msp.c **** * @param hspi: SPI handle pointer
 188:Core/Src/stm32f1xx_hal_msp.c **** * @retval None
 189:Core/Src/stm32f1xx_hal_msp.c **** */
 190:Core/Src/stm32f1xx_hal_msp.c **** void HAL_SPI_MspDeInit(SPI_HandleTypeDef* hspi)
 191:Core/Src/stm32f1xx_hal_msp.c **** {
 394              		.loc 1 191 1 is_stmt 1 view -0
 395              		.cfi_startproc
 396              		@ args = 0, pretend = 0, frame = 0
 397              		@ frame_needed = 0, uses_anonymous_args = 0
ARM GAS  C:\Users\DELLPR~1\AppData\Local\Temp\ccUQL8Gd.s 			page 12


 398              		.loc 1 191 1 is_stmt 0 view .LVU94
 399 0000 08B5     		push	{r3, lr}
 400              	.LCFI11:
 401              		.cfi_def_cfa_offset 8
 402              		.cfi_offset 3, -8
 403              		.cfi_offset 14, -4
 192:Core/Src/stm32f1xx_hal_msp.c ****   if(hspi->Instance==SPI1)
 404              		.loc 1 192 3 is_stmt 1 view .LVU95
 405              		.loc 1 192 10 is_stmt 0 view .LVU96
 406 0002 0268     		ldr	r2, [r0]
 407              		.loc 1 192 5 view .LVU97
 408 0004 064B     		ldr	r3, .L27
 409 0006 9A42     		cmp	r2, r3
 410 0008 00D0     		beq	.L26
 411              	.LVL20:
 412              	.L23:
 193:Core/Src/stm32f1xx_hal_msp.c ****   {
 194:Core/Src/stm32f1xx_hal_msp.c ****   /* USER CODE BEGIN SPI1_MspDeInit 0 */
 195:Core/Src/stm32f1xx_hal_msp.c **** 
 196:Core/Src/stm32f1xx_hal_msp.c ****   /* USER CODE END SPI1_MspDeInit 0 */
 197:Core/Src/stm32f1xx_hal_msp.c ****     /* Peripheral clock disable */
 198:Core/Src/stm32f1xx_hal_msp.c ****     __HAL_RCC_SPI1_CLK_DISABLE();
 199:Core/Src/stm32f1xx_hal_msp.c **** 
 200:Core/Src/stm32f1xx_hal_msp.c ****     /**SPI1 GPIO Configuration
 201:Core/Src/stm32f1xx_hal_msp.c ****     PA5     ------> SPI1_SCK
 202:Core/Src/stm32f1xx_hal_msp.c ****     PA6     ------> SPI1_MISO
 203:Core/Src/stm32f1xx_hal_msp.c ****     PA7     ------> SPI1_MOSI
 204:Core/Src/stm32f1xx_hal_msp.c ****     */
 205:Core/Src/stm32f1xx_hal_msp.c ****     HAL_GPIO_DeInit(GPIOA, GPIO_PIN_5|GPIO_PIN_6|GPIO_PIN_7);
 206:Core/Src/stm32f1xx_hal_msp.c **** 
 207:Core/Src/stm32f1xx_hal_msp.c ****   /* USER CODE BEGIN SPI1_MspDeInit 1 */
 208:Core/Src/stm32f1xx_hal_msp.c **** 
 209:Core/Src/stm32f1xx_hal_msp.c ****   /* USER CODE END SPI1_MspDeInit 1 */
 210:Core/Src/stm32f1xx_hal_msp.c ****   }
 211:Core/Src/stm32f1xx_hal_msp.c **** 
 212:Core/Src/stm32f1xx_hal_msp.c **** }
 413              		.loc 1 212 1 view .LVU98
 414 000a 08BD     		pop	{r3, pc}
 415              	.LVL21:
 416              	.L26:
 198:Core/Src/stm32f1xx_hal_msp.c **** 
 417              		.loc 1 198 5 is_stmt 1 view .LVU99
 418 000c 054A     		ldr	r2, .L27+4
 419 000e 9369     		ldr	r3, [r2, #24]
 420 0010 23F48053 		bic	r3, r3, #4096
 421 0014 9361     		str	r3, [r2, #24]
 205:Core/Src/stm32f1xx_hal_msp.c **** 
 422              		.loc 1 205 5 view .LVU100
 423 0016 E021     		movs	r1, #224
 424 0018 0348     		ldr	r0, .L27+8
 425              	.LVL22:
 205:Core/Src/stm32f1xx_hal_msp.c **** 
 426              		.loc 1 205 5 is_stmt 0 view .LVU101
 427 001a FFF7FEFF 		bl	HAL_GPIO_DeInit
 428              	.LVL23:
 429              		.loc 1 212 1 view .LVU102
 430 001e F4E7     		b	.L23
ARM GAS  C:\Users\DELLPR~1\AppData\Local\Temp\ccUQL8Gd.s 			page 13


 431              	.L28:
 432              		.align	2
 433              	.L27:
 434 0020 00300140 		.word	1073819648
 435 0024 00100240 		.word	1073876992
 436 0028 00080140 		.word	1073809408
 437              		.cfi_endproc
 438              	.LFE69:
 440              		.section	.text.HAL_UART_MspInit,"ax",%progbits
 441              		.align	1
 442              		.global	HAL_UART_MspInit
 443              		.syntax unified
 444              		.thumb
 445              		.thumb_func
 447              	HAL_UART_MspInit:
 448              	.LVL24:
 449              	.LFB70:
 213:Core/Src/stm32f1xx_hal_msp.c **** 
 214:Core/Src/stm32f1xx_hal_msp.c **** /**
 215:Core/Src/stm32f1xx_hal_msp.c **** * @brief UART MSP Initialization
 216:Core/Src/stm32f1xx_hal_msp.c **** * This function configures the hardware resources used in this example
 217:Core/Src/stm32f1xx_hal_msp.c **** * @param huart: UART handle pointer
 218:Core/Src/stm32f1xx_hal_msp.c **** * @retval None
 219:Core/Src/stm32f1xx_hal_msp.c **** */
 220:Core/Src/stm32f1xx_hal_msp.c **** void HAL_UART_MspInit(UART_HandleTypeDef* huart)
 221:Core/Src/stm32f1xx_hal_msp.c **** {
 450              		.loc 1 221 1 is_stmt 1 view -0
 451              		.cfi_startproc
 452              		@ args = 0, pretend = 0, frame = 24
 453              		@ frame_needed = 0, uses_anonymous_args = 0
 454              		.loc 1 221 1 is_stmt 0 view .LVU104
 455 0000 10B5     		push	{r4, lr}
 456              	.LCFI12:
 457              		.cfi_def_cfa_offset 8
 458              		.cfi_offset 4, -8
 459              		.cfi_offset 14, -4
 460 0002 86B0     		sub	sp, sp, #24
 461              	.LCFI13:
 462              		.cfi_def_cfa_offset 32
 222:Core/Src/stm32f1xx_hal_msp.c ****   GPIO_InitTypeDef GPIO_InitStruct = {0};
 463              		.loc 1 222 3 is_stmt 1 view .LVU105
 464              		.loc 1 222 20 is_stmt 0 view .LVU106
 465 0004 0023     		movs	r3, #0
 466 0006 0293     		str	r3, [sp, #8]
 467 0008 0393     		str	r3, [sp, #12]
 468 000a 0493     		str	r3, [sp, #16]
 469 000c 0593     		str	r3, [sp, #20]
 223:Core/Src/stm32f1xx_hal_msp.c ****   if(huart->Instance==USART1)
 470              		.loc 1 223 3 is_stmt 1 view .LVU107
 471              		.loc 1 223 11 is_stmt 0 view .LVU108
 472 000e 0268     		ldr	r2, [r0]
 473              		.loc 1 223 5 view .LVU109
 474 0010 174B     		ldr	r3, .L33
 475 0012 9A42     		cmp	r2, r3
 476 0014 01D0     		beq	.L32
 477              	.LVL25:
 478              	.L29:
ARM GAS  C:\Users\DELLPR~1\AppData\Local\Temp\ccUQL8Gd.s 			page 14


 224:Core/Src/stm32f1xx_hal_msp.c ****   {
 225:Core/Src/stm32f1xx_hal_msp.c ****   /* USER CODE BEGIN USART1_MspInit 0 */
 226:Core/Src/stm32f1xx_hal_msp.c **** 
 227:Core/Src/stm32f1xx_hal_msp.c ****   /* USER CODE END USART1_MspInit 0 */
 228:Core/Src/stm32f1xx_hal_msp.c ****     /* Peripheral clock enable */
 229:Core/Src/stm32f1xx_hal_msp.c ****     __HAL_RCC_USART1_CLK_ENABLE();
 230:Core/Src/stm32f1xx_hal_msp.c **** 
 231:Core/Src/stm32f1xx_hal_msp.c ****     __HAL_RCC_GPIOA_CLK_ENABLE();
 232:Core/Src/stm32f1xx_hal_msp.c ****     /**USART1 GPIO Configuration
 233:Core/Src/stm32f1xx_hal_msp.c ****     PA9     ------> USART1_TX
 234:Core/Src/stm32f1xx_hal_msp.c ****     PA10     ------> USART1_RX
 235:Core/Src/stm32f1xx_hal_msp.c ****     */
 236:Core/Src/stm32f1xx_hal_msp.c ****     GPIO_InitStruct.Pin = GPIO_PIN_9;
 237:Core/Src/stm32f1xx_hal_msp.c ****     GPIO_InitStruct.Mode = GPIO_MODE_AF_PP;
 238:Core/Src/stm32f1xx_hal_msp.c ****     GPIO_InitStruct.Speed = GPIO_SPEED_FREQ_HIGH;
 239:Core/Src/stm32f1xx_hal_msp.c ****     HAL_GPIO_Init(GPIOA, &GPIO_InitStruct);
 240:Core/Src/stm32f1xx_hal_msp.c **** 
 241:Core/Src/stm32f1xx_hal_msp.c ****     GPIO_InitStruct.Pin = GPIO_PIN_10;
 242:Core/Src/stm32f1xx_hal_msp.c ****     GPIO_InitStruct.Mode = GPIO_MODE_INPUT;
 243:Core/Src/stm32f1xx_hal_msp.c ****     GPIO_InitStruct.Pull = GPIO_NOPULL;
 244:Core/Src/stm32f1xx_hal_msp.c ****     HAL_GPIO_Init(GPIOA, &GPIO_InitStruct);
 245:Core/Src/stm32f1xx_hal_msp.c **** 
 246:Core/Src/stm32f1xx_hal_msp.c ****   /* USER CODE BEGIN USART1_MspInit 1 */
 247:Core/Src/stm32f1xx_hal_msp.c **** 
 248:Core/Src/stm32f1xx_hal_msp.c ****   /* USER CODE END USART1_MspInit 1 */
 249:Core/Src/stm32f1xx_hal_msp.c ****   }
 250:Core/Src/stm32f1xx_hal_msp.c **** 
 251:Core/Src/stm32f1xx_hal_msp.c **** }
 479              		.loc 1 251 1 view .LVU110
 480 0016 06B0     		add	sp, sp, #24
 481              	.LCFI14:
 482              		.cfi_remember_state
 483              		.cfi_def_cfa_offset 8
 484              		@ sp needed
 485 0018 10BD     		pop	{r4, pc}
 486              	.LVL26:
 487              	.L32:
 488              	.LCFI15:
 489              		.cfi_restore_state
 229:Core/Src/stm32f1xx_hal_msp.c **** 
 490              		.loc 1 229 5 is_stmt 1 view .LVU111
 491              	.LBB9:
 229:Core/Src/stm32f1xx_hal_msp.c **** 
 492              		.loc 1 229 5 view .LVU112
 229:Core/Src/stm32f1xx_hal_msp.c **** 
 493              		.loc 1 229 5 view .LVU113
 494 001a 03F55843 		add	r3, r3, #55296
 495 001e 9A69     		ldr	r2, [r3, #24]
 496 0020 42F48042 		orr	r2, r2, #16384
 497 0024 9A61     		str	r2, [r3, #24]
 229:Core/Src/stm32f1xx_hal_msp.c **** 
 498              		.loc 1 229 5 view .LVU114
 499 0026 9A69     		ldr	r2, [r3, #24]
 500 0028 02F48042 		and	r2, r2, #16384
 501 002c 0092     		str	r2, [sp]
 229:Core/Src/stm32f1xx_hal_msp.c **** 
 502              		.loc 1 229 5 view .LVU115
ARM GAS  C:\Users\DELLPR~1\AppData\Local\Temp\ccUQL8Gd.s 			page 15


 503 002e 009A     		ldr	r2, [sp]
 504              	.LBE9:
 229:Core/Src/stm32f1xx_hal_msp.c **** 
 505              		.loc 1 229 5 view .LVU116
 231:Core/Src/stm32f1xx_hal_msp.c ****     /**USART1 GPIO Configuration
 506              		.loc 1 231 5 view .LVU117
 507              	.LBB10:
 231:Core/Src/stm32f1xx_hal_msp.c ****     /**USART1 GPIO Configuration
 508              		.loc 1 231 5 view .LVU118
 231:Core/Src/stm32f1xx_hal_msp.c ****     /**USART1 GPIO Configuration
 509              		.loc 1 231 5 view .LVU119
 510 0030 9A69     		ldr	r2, [r3, #24]
 511 0032 42F00402 		orr	r2, r2, #4
 512 0036 9A61     		str	r2, [r3, #24]
 231:Core/Src/stm32f1xx_hal_msp.c ****     /**USART1 GPIO Configuration
 513              		.loc 1 231 5 view .LVU120
 514 0038 9B69     		ldr	r3, [r3, #24]
 515 003a 03F00403 		and	r3, r3, #4
 516 003e 0193     		str	r3, [sp, #4]
 231:Core/Src/stm32f1xx_hal_msp.c ****     /**USART1 GPIO Configuration
 517              		.loc 1 231 5 view .LVU121
 518 0040 019B     		ldr	r3, [sp, #4]
 519              	.LBE10:
 231:Core/Src/stm32f1xx_hal_msp.c ****     /**USART1 GPIO Configuration
 520              		.loc 1 231 5 view .LVU122
 236:Core/Src/stm32f1xx_hal_msp.c ****     GPIO_InitStruct.Mode = GPIO_MODE_AF_PP;
 521              		.loc 1 236 5 view .LVU123
 236:Core/Src/stm32f1xx_hal_msp.c ****     GPIO_InitStruct.Mode = GPIO_MODE_AF_PP;
 522              		.loc 1 236 25 is_stmt 0 view .LVU124
 523 0042 4FF40073 		mov	r3, #512
 524 0046 0293     		str	r3, [sp, #8]
 237:Core/Src/stm32f1xx_hal_msp.c ****     GPIO_InitStruct.Speed = GPIO_SPEED_FREQ_HIGH;
 525              		.loc 1 237 5 is_stmt 1 view .LVU125
 237:Core/Src/stm32f1xx_hal_msp.c ****     GPIO_InitStruct.Speed = GPIO_SPEED_FREQ_HIGH;
 526              		.loc 1 237 26 is_stmt 0 view .LVU126
 527 0048 0223     		movs	r3, #2
 528 004a 0393     		str	r3, [sp, #12]
 238:Core/Src/stm32f1xx_hal_msp.c ****     HAL_GPIO_Init(GPIOA, &GPIO_InitStruct);
 529              		.loc 1 238 5 is_stmt 1 view .LVU127
 238:Core/Src/stm32f1xx_hal_msp.c ****     HAL_GPIO_Init(GPIOA, &GPIO_InitStruct);
 530              		.loc 1 238 27 is_stmt 0 view .LVU128
 531 004c 0323     		movs	r3, #3
 532 004e 0593     		str	r3, [sp, #20]
 239:Core/Src/stm32f1xx_hal_msp.c **** 
 533              		.loc 1 239 5 is_stmt 1 view .LVU129
 534 0050 084C     		ldr	r4, .L33+4
 535 0052 02A9     		add	r1, sp, #8
 536 0054 2046     		mov	r0, r4
 537              	.LVL27:
 239:Core/Src/stm32f1xx_hal_msp.c **** 
 538              		.loc 1 239 5 is_stmt 0 view .LVU130
 539 0056 FFF7FEFF 		bl	HAL_GPIO_Init
 540              	.LVL28:
 241:Core/Src/stm32f1xx_hal_msp.c ****     GPIO_InitStruct.Mode = GPIO_MODE_INPUT;
 541              		.loc 1 241 5 is_stmt 1 view .LVU131
 241:Core/Src/stm32f1xx_hal_msp.c ****     GPIO_InitStruct.Mode = GPIO_MODE_INPUT;
 542              		.loc 1 241 25 is_stmt 0 view .LVU132
ARM GAS  C:\Users\DELLPR~1\AppData\Local\Temp\ccUQL8Gd.s 			page 16


 543 005a 4FF48063 		mov	r3, #1024
 544 005e 0293     		str	r3, [sp, #8]
 242:Core/Src/stm32f1xx_hal_msp.c ****     GPIO_InitStruct.Pull = GPIO_NOPULL;
 545              		.loc 1 242 5 is_stmt 1 view .LVU133
 242:Core/Src/stm32f1xx_hal_msp.c ****     GPIO_InitStruct.Pull = GPIO_NOPULL;
 546              		.loc 1 242 26 is_stmt 0 view .LVU134
 547 0060 0023     		movs	r3, #0
 548 0062 0393     		str	r3, [sp, #12]
 243:Core/Src/stm32f1xx_hal_msp.c ****     HAL_GPIO_Init(GPIOA, &GPIO_InitStruct);
 549              		.loc 1 243 5 is_stmt 1 view .LVU135
 243:Core/Src/stm32f1xx_hal_msp.c ****     HAL_GPIO_Init(GPIOA, &GPIO_InitStruct);
 550              		.loc 1 243 26 is_stmt 0 view .LVU136
 551 0064 0493     		str	r3, [sp, #16]
 244:Core/Src/stm32f1xx_hal_msp.c **** 
 552              		.loc 1 244 5 is_stmt 1 view .LVU137
 553 0066 02A9     		add	r1, sp, #8
 554 0068 2046     		mov	r0, r4
 555 006a FFF7FEFF 		bl	HAL_GPIO_Init
 556              	.LVL29:
 557              		.loc 1 251 1 is_stmt 0 view .LVU138
 558 006e D2E7     		b	.L29
 559              	.L34:
 560              		.align	2
 561              	.L33:
 562 0070 00380140 		.word	1073821696
 563 0074 00080140 		.word	1073809408
 564              		.cfi_endproc
 565              	.LFE70:
 567              		.section	.text.HAL_UART_MspDeInit,"ax",%progbits
 568              		.align	1
 569              		.global	HAL_UART_MspDeInit
 570              		.syntax unified
 571              		.thumb
 572              		.thumb_func
 574              	HAL_UART_MspDeInit:
 575              	.LVL30:
 576              	.LFB71:
 252:Core/Src/stm32f1xx_hal_msp.c **** 
 253:Core/Src/stm32f1xx_hal_msp.c **** /**
 254:Core/Src/stm32f1xx_hal_msp.c **** * @brief UART MSP De-Initialization
 255:Core/Src/stm32f1xx_hal_msp.c **** * This function freeze the hardware resources used in this example
 256:Core/Src/stm32f1xx_hal_msp.c **** * @param huart: UART handle pointer
 257:Core/Src/stm32f1xx_hal_msp.c **** * @retval None
 258:Core/Src/stm32f1xx_hal_msp.c **** */
 259:Core/Src/stm32f1xx_hal_msp.c **** void HAL_UART_MspDeInit(UART_HandleTypeDef* huart)
 260:Core/Src/stm32f1xx_hal_msp.c **** {
 577              		.loc 1 260 1 is_stmt 1 view -0
 578              		.cfi_startproc
 579              		@ args = 0, pretend = 0, frame = 0
 580              		@ frame_needed = 0, uses_anonymous_args = 0
 581              		.loc 1 260 1 is_stmt 0 view .LVU140
 582 0000 08B5     		push	{r3, lr}
 583              	.LCFI16:
 584              		.cfi_def_cfa_offset 8
 585              		.cfi_offset 3, -8
 586              		.cfi_offset 14, -4
 261:Core/Src/stm32f1xx_hal_msp.c ****   if(huart->Instance==USART1)
ARM GAS  C:\Users\DELLPR~1\AppData\Local\Temp\ccUQL8Gd.s 			page 17


 587              		.loc 1 261 3 is_stmt 1 view .LVU141
 588              		.loc 1 261 11 is_stmt 0 view .LVU142
 589 0002 0268     		ldr	r2, [r0]
 590              		.loc 1 261 5 view .LVU143
 591 0004 074B     		ldr	r3, .L39
 592 0006 9A42     		cmp	r2, r3
 593 0008 00D0     		beq	.L38
 594              	.LVL31:
 595              	.L35:
 262:Core/Src/stm32f1xx_hal_msp.c ****   {
 263:Core/Src/stm32f1xx_hal_msp.c ****   /* USER CODE BEGIN USART1_MspDeInit 0 */
 264:Core/Src/stm32f1xx_hal_msp.c **** 
 265:Core/Src/stm32f1xx_hal_msp.c ****   /* USER CODE END USART1_MspDeInit 0 */
 266:Core/Src/stm32f1xx_hal_msp.c ****     /* Peripheral clock disable */
 267:Core/Src/stm32f1xx_hal_msp.c ****     __HAL_RCC_USART1_CLK_DISABLE();
 268:Core/Src/stm32f1xx_hal_msp.c **** 
 269:Core/Src/stm32f1xx_hal_msp.c ****     /**USART1 GPIO Configuration
 270:Core/Src/stm32f1xx_hal_msp.c ****     PA9     ------> USART1_TX
 271:Core/Src/stm32f1xx_hal_msp.c ****     PA10     ------> USART1_RX
 272:Core/Src/stm32f1xx_hal_msp.c ****     */
 273:Core/Src/stm32f1xx_hal_msp.c ****     HAL_GPIO_DeInit(GPIOA, GPIO_PIN_9|GPIO_PIN_10);
 274:Core/Src/stm32f1xx_hal_msp.c **** 
 275:Core/Src/stm32f1xx_hal_msp.c ****   /* USER CODE BEGIN USART1_MspDeInit 1 */
 276:Core/Src/stm32f1xx_hal_msp.c **** 
 277:Core/Src/stm32f1xx_hal_msp.c ****   /* USER CODE END USART1_MspDeInit 1 */
 278:Core/Src/stm32f1xx_hal_msp.c ****   }
 279:Core/Src/stm32f1xx_hal_msp.c **** 
 280:Core/Src/stm32f1xx_hal_msp.c **** }
 596              		.loc 1 280 1 view .LVU144
 597 000a 08BD     		pop	{r3, pc}
 598              	.LVL32:
 599              	.L38:
 267:Core/Src/stm32f1xx_hal_msp.c **** 
 600              		.loc 1 267 5 is_stmt 1 view .LVU145
 601 000c 064A     		ldr	r2, .L39+4
 602 000e 9369     		ldr	r3, [r2, #24]
 603 0010 23F48043 		bic	r3, r3, #16384
 604 0014 9361     		str	r3, [r2, #24]
 273:Core/Src/stm32f1xx_hal_msp.c **** 
 605              		.loc 1 273 5 view .LVU146
 606 0016 4FF4C061 		mov	r1, #1536
 607 001a 0448     		ldr	r0, .L39+8
 608              	.LVL33:
 273:Core/Src/stm32f1xx_hal_msp.c **** 
 609              		.loc 1 273 5 is_stmt 0 view .LVU147
 610 001c FFF7FEFF 		bl	HAL_GPIO_DeInit
 611              	.LVL34:
 612              		.loc 1 280 1 view .LVU148
 613 0020 F3E7     		b	.L35
 614              	.L40:
 615 0022 00BF     		.align	2
 616              	.L39:
 617 0024 00380140 		.word	1073821696
 618 0028 00100240 		.word	1073876992
 619 002c 00080140 		.word	1073809408
 620              		.cfi_endproc
 621              	.LFE71:
ARM GAS  C:\Users\DELLPR~1\AppData\Local\Temp\ccUQL8Gd.s 			page 18


 623              		.text
 624              	.Letext0:
 625              		.file 2 "c:\\gcc-arm-11.2-2022.02-mingw-w64-i686-arm-none-eabi\\arm-none-eabi\\include\\machine\\_
 626              		.file 3 "c:\\gcc-arm-11.2-2022.02-mingw-w64-i686-arm-none-eabi\\arm-none-eabi\\include\\sys\\_stdi
 627              		.file 4 "Drivers/CMSIS/Device/ST/STM32F1xx/Include/stm32f103xb.h"
 628              		.file 5 "Drivers/CMSIS/Device/ST/STM32F1xx/Include/stm32f1xx.h"
 629              		.file 6 "Drivers/STM32F1xx_HAL_Driver/Inc/stm32f1xx_hal_def.h"
 630              		.file 7 "Drivers/STM32F1xx_HAL_Driver/Inc/stm32f1xx_hal_gpio.h"
 631              		.file 8 "Drivers/STM32F1xx_HAL_Driver/Inc/stm32f1xx_hal_dma.h"
 632              		.file 9 "Drivers/STM32F1xx_HAL_Driver/Inc/stm32f1xx_hal_adc.h"
 633              		.file 10 "Drivers/STM32F1xx_HAL_Driver/Inc/stm32f1xx_hal_spi.h"
 634              		.file 11 "Drivers/STM32F1xx_HAL_Driver/Inc/stm32f1xx_hal_uart.h"
ARM GAS  C:\Users\DELLPR~1\AppData\Local\Temp\ccUQL8Gd.s 			page 19


DEFINED SYMBOLS
                            *ABS*:00000000 stm32f1xx_hal_msp.c
C:\Users\DELLPR~1\AppData\Local\Temp\ccUQL8Gd.s:18     .text.HAL_MspInit:00000000 $t
C:\Users\DELLPR~1\AppData\Local\Temp\ccUQL8Gd.s:24     .text.HAL_MspInit:00000000 HAL_MspInit
C:\Users\DELLPR~1\AppData\Local\Temp\ccUQL8Gd.s:91     .text.HAL_MspInit:0000003c $d
C:\Users\DELLPR~1\AppData\Local\Temp\ccUQL8Gd.s:97     .text.HAL_ADC_MspInit:00000000 $t
C:\Users\DELLPR~1\AppData\Local\Temp\ccUQL8Gd.s:103    .text.HAL_ADC_MspInit:00000000 HAL_ADC_MspInit
C:\Users\DELLPR~1\AppData\Local\Temp\ccUQL8Gd.s:196    .text.HAL_ADC_MspInit:00000058 $d
C:\Users\DELLPR~1\AppData\Local\Temp\ccUQL8Gd.s:202    .text.HAL_ADC_MspDeInit:00000000 $t
C:\Users\DELLPR~1\AppData\Local\Temp\ccUQL8Gd.s:208    .text.HAL_ADC_MspDeInit:00000000 HAL_ADC_MspDeInit
C:\Users\DELLPR~1\AppData\Local\Temp\ccUQL8Gd.s:251    .text.HAL_ADC_MspDeInit:00000020 $d
C:\Users\DELLPR~1\AppData\Local\Temp\ccUQL8Gd.s:258    .text.HAL_SPI_MspInit:00000000 $t
C:\Users\DELLPR~1\AppData\Local\Temp\ccUQL8Gd.s:264    .text.HAL_SPI_MspInit:00000000 HAL_SPI_MspInit
C:\Users\DELLPR~1\AppData\Local\Temp\ccUQL8Gd.s:379    .text.HAL_SPI_MspInit:0000006c $d
C:\Users\DELLPR~1\AppData\Local\Temp\ccUQL8Gd.s:385    .text.HAL_SPI_MspDeInit:00000000 $t
C:\Users\DELLPR~1\AppData\Local\Temp\ccUQL8Gd.s:391    .text.HAL_SPI_MspDeInit:00000000 HAL_SPI_MspDeInit
C:\Users\DELLPR~1\AppData\Local\Temp\ccUQL8Gd.s:434    .text.HAL_SPI_MspDeInit:00000020 $d
C:\Users\DELLPR~1\AppData\Local\Temp\ccUQL8Gd.s:441    .text.HAL_UART_MspInit:00000000 $t
C:\Users\DELLPR~1\AppData\Local\Temp\ccUQL8Gd.s:447    .text.HAL_UART_MspInit:00000000 HAL_UART_MspInit
C:\Users\DELLPR~1\AppData\Local\Temp\ccUQL8Gd.s:562    .text.HAL_UART_MspInit:00000070 $d
C:\Users\DELLPR~1\AppData\Local\Temp\ccUQL8Gd.s:568    .text.HAL_UART_MspDeInit:00000000 $t
C:\Users\DELLPR~1\AppData\Local\Temp\ccUQL8Gd.s:574    .text.HAL_UART_MspDeInit:00000000 HAL_UART_MspDeInit
C:\Users\DELLPR~1\AppData\Local\Temp\ccUQL8Gd.s:617    .text.HAL_UART_MspDeInit:00000024 $d

UNDEFINED SYMBOLS
HAL_GPIO_Init
HAL_GPIO_DeInit
